<?xml version="1.0" encoding="UTF-8"?>
<robot generator="Robot 4.1.3 (Python 3.10.2 on win32)" generated="20220228 12:20:06.223" rpa="false" schemaversion="2">
<suite id="s1" name="Demo2 Suite" source="C:\Mine\Company\NCS2\robot_project\robot_suite\demo2_suite.robot">
<test id="s1-t1" name="TC10">
<kw name="Create List" library="BuiltIn">
<var>@{fruits}</var>
<arg>banana</arg>
<arg>mango</arg>
<arg>orange</arg>
<doc>Returns a list containing given items.</doc>
<msg timestamp="20220228 12:20:06.257" level="INFO">@{fruits} = [ banana | mango | orange ]</msg>
<status status="PASS" starttime="20220228 12:20:06.257" endtime="20220228 12:20:06.257"/>
</kw>
<kw name="Remove Values From List" library="Collections">
<arg>${fruits}</arg>
<arg>mango</arg>
<doc>Removes all occurrences of given ``values`` from ``list``.</doc>
<status status="PASS" starttime="20220228 12:20:06.258" endtime="20220228 12:20:06.258"/>
</kw>
<kw name="Log To Console" library="BuiltIn">
<arg>${fruits}</arg>
<doc>Logs the given message to the console.</doc>
<status status="PASS" starttime="20220228 12:20:06.258" endtime="20220228 12:20:06.259"/>
</kw>
<kw name="Append To List" library="Collections">
<arg>${fruits}</arg>
<arg>pineapple</arg>
<doc>Adds ``values`` to the end of ``list``.</doc>
<status status="PASS" starttime="20220228 12:20:06.259" endtime="20220228 12:20:06.259"/>
</kw>
<kw name="Log To Console" library="BuiltIn">
<arg>${fruits}</arg>
<doc>Logs the given message to the console.</doc>
<status status="PASS" starttime="20220228 12:20:06.259" endtime="20220228 12:20:06.260"/>
</kw>
<kw name="Insert Into List" library="Collections">
<arg>${fruits}</arg>
<arg>2</arg>
<arg>jackFruit</arg>
<doc>Inserts ``value`` into ``list`` to the position specified with ``index``.</doc>
<status status="PASS" starttime="20220228 12:20:06.260" endtime="20220228 12:20:06.261"/>
</kw>
<kw name="Log To Console" library="BuiltIn">
<arg>${fruits}</arg>
<doc>Logs the given message to the console.</doc>
<status status="PASS" starttime="20220228 12:20:06.261" endtime="20220228 12:20:06.262"/>
</kw>
<kw name="Sort List" library="Collections">
<arg>${fruits}</arg>
<doc>Sorts the given list in place.</doc>
<status status="PASS" starttime="20220228 12:20:06.262" endtime="20220228 12:20:06.262"/>
</kw>
<kw name="Log To Console" library="BuiltIn">
<arg>${fruits}</arg>
<doc>Logs the given message to the console.</doc>
<status status="PASS" starttime="20220228 12:20:06.263" endtime="20220228 12:20:06.263"/>
</kw>
<kw name="List Should Contain Value" library="Collections">
<arg>${fruits}</arg>
<arg>jackFruits</arg>
<doc>Fails if the ``value`` is not found from ``list``.</doc>
<msg timestamp="20220228 12:20:06.264" level="FAIL">[ banana | jackFruit | orange | pineapple ] does not contain value 'jackFruits'.</msg>
<status status="FAIL" starttime="20220228 12:20:06.264" endtime="20220228 12:20:06.265"/>
</kw>
<status status="FAIL" starttime="20220228 12:20:06.256" endtime="20220228 12:20:06.265">[ banana | jackFruit | orange | pineapple ] does not contain value 'jackFruits'.</status>
</test>
<status status="FAIL" starttime="20220228 12:20:06.224" endtime="20220228 12:20:06.267"/>
</suite>
<statistics>
<total>
<stat pass="0" fail="1" skip="0">All Tests</stat>
</total>
<tag>
</tag>
<suite>
<stat pass="0" fail="1" skip="0" id="s1" name="Demo2 Suite">Demo2 Suite</stat>
</suite>
</statistics>
<errors>
</errors>
</robot>
