<?xml version="1.0" encoding="UTF-8"?>
<robot generator="Robot 4.1.3 (Python 3.10.2 on win32)" generated="20220304 18:21:26.908" rpa="false" schemaversion="2">
<suite id="s1" name="Demo27" source="C:\Mine\Company\NCS2\robot_project\selenium_suite\demo27.robot">
<test id="s1-t1" name="TC1">
<kw name="Open Browser" library="SeleniumLibrary">
<arg>url=https://datatables.net/extensions/select/examples/initialisation/checkbox.html</arg>
<arg>browser=chrome</arg>
<arg>executable_path=${EXECDIR}${/}driver${/}chromedriver.exe</arg>
<doc>Opens a new browser instance to the optional ``url``.</doc>
<msg timestamp="20220304 18:21:27.229" level="INFO">Opening browser 'chrome' to base url 'https://datatables.net/extensions/select/examples/initialisation/checkbox.html'.</msg>
<status status="PASS" starttime="20220304 18:21:27.228" endtime="20220304 18:21:31.558"/>
</kw>
<kw name="Maximize Browser Window" library="SeleniumLibrary">
<doc>Maximizes current browser window.</doc>
<status status="PASS" starttime="20220304 18:21:31.559" endtime="20220304 18:21:31.674"/>
</kw>
<kw name="Set Selenium Implicit Wait" library="SeleniumLibrary">
<arg>30s</arg>
<doc>Sets the implicit wait value used by Selenium.</doc>
<status status="PASS" starttime="20220304 18:21:31.675" endtime="20220304 18:21:31.676"/>
</kw>
<for flavor="IN RANGE">
<var>${i}</var>
<value>1</value>
<value>11</value>
<iter>
<var name="${i}">1</var>
<kw name="Get Text" library="SeleniumLibrary">
<var>${name}</var>
<arg>xpath=//table[@id='example']/tbody/tr[${i}]/td[2]</arg>
<doc>Returns the text value of the element identified by ``locator``.</doc>
<msg timestamp="20220304 18:21:31.706" level="INFO">${name} = Airi Satou</msg>
<status status="PASS" starttime="20220304 18:21:31.677" endtime="20220304 18:21:31.706"/>
</kw>
<kw name="Log To Console" library="BuiltIn">
<arg>${name}</arg>
<doc>Logs the given message to the console.</doc>
<status status="PASS" starttime="20220304 18:21:31.706" endtime="20220304 18:21:31.707"/>
</kw>
<status status="PASS" starttime="20220304 18:21:31.677" endtime="20220304 18:21:31.707"/>
</iter>
<iter>
<var name="${i}">2</var>
<kw name="Get Text" library="SeleniumLibrary">
<var>${name}</var>
<arg>xpath=//table[@id='example']/tbody/tr[${i}]/td[2]</arg>
<doc>Returns the text value of the element identified by ``locator``.</doc>
<msg timestamp="20220304 18:21:31.731" level="INFO">${name} = Angelica Ramos</msg>
<status status="PASS" starttime="20220304 18:21:31.707" endtime="20220304 18:21:31.731"/>
</kw>
<kw name="Log To Console" library="BuiltIn">
<arg>${name}</arg>
<doc>Logs the given message to the console.</doc>
<status status="PASS" starttime="20220304 18:21:31.731" endtime="20220304 18:21:31.731"/>
</kw>
<status status="PASS" starttime="20220304 18:21:31.707" endtime="20220304 18:21:31.731"/>
</iter>
<iter>
<var name="${i}">3</var>
<kw name="Get Text" library="SeleniumLibrary">
<var>${name}</var>
<arg>xpath=//table[@id='example']/tbody/tr[${i}]/td[2]</arg>
<doc>Returns the text value of the element identified by ``locator``.</doc>
<msg timestamp="20220304 18:21:31.756" level="INFO">${name} = Ashton Cox</msg>
<status status="PASS" starttime="20220304 18:21:31.731" endtime="20220304 18:21:31.756"/>
</kw>
<kw name="Log To Console" library="BuiltIn">
<arg>${name}</arg>
<doc>Logs the given message to the console.</doc>
<status status="PASS" starttime="20220304 18:21:31.756" endtime="20220304 18:21:31.757"/>
</kw>
<status status="PASS" starttime="20220304 18:21:31.731" endtime="20220304 18:21:31.757"/>
</iter>
<iter>
<var name="${i}">4</var>
<kw name="Get Text" library="SeleniumLibrary">
<var>${name}</var>
<arg>xpath=//table[@id='example']/tbody/tr[${i}]/td[2]</arg>
<doc>Returns the text value of the element identified by ``locator``.</doc>
<msg timestamp="20220304 18:21:31.780" level="INFO">${name} = Bradley Greer</msg>
<status status="PASS" starttime="20220304 18:21:31.757" endtime="20220304 18:21:31.780"/>
</kw>
<kw name="Log To Console" library="BuiltIn">
<arg>${name}</arg>
<doc>Logs the given message to the console.</doc>
<status status="PASS" starttime="20220304 18:21:31.780" endtime="20220304 18:21:31.781"/>
</kw>
<status status="PASS" starttime="20220304 18:21:31.757" endtime="20220304 18:21:31.781"/>
</iter>
<iter>
<var name="${i}">5</var>
<kw name="Get Text" library="SeleniumLibrary">
<var>${name}</var>
<arg>xpath=//table[@id='example']/tbody/tr[${i}]/td[2]</arg>
<doc>Returns the text value of the element identified by ``locator``.</doc>
<msg timestamp="20220304 18:21:31.809" level="INFO">${name} = Brenden Wagner</msg>
<status status="PASS" starttime="20220304 18:21:31.781" endtime="20220304 18:21:31.809"/>
</kw>
<kw name="Log To Console" library="BuiltIn">
<arg>${name}</arg>
<doc>Logs the given message to the console.</doc>
<status status="PASS" starttime="20220304 18:21:31.809" endtime="20220304 18:21:31.809"/>
</kw>
<status status="PASS" starttime="20220304 18:21:31.781" endtime="20220304 18:21:31.809"/>
</iter>
<iter>
<var name="${i}">6</var>
<kw name="Get Text" library="SeleniumLibrary">
<var>${name}</var>
<arg>xpath=//table[@id='example']/tbody/tr[${i}]/td[2]</arg>
<doc>Returns the text value of the element identified by ``locator``.</doc>
<msg timestamp="20220304 18:21:31.835" level="INFO">${name} = Brielle Williamson</msg>
<status status="PASS" starttime="20220304 18:21:31.810" endtime="20220304 18:21:31.835"/>
</kw>
<kw name="Log To Console" library="BuiltIn">
<arg>${name}</arg>
<doc>Logs the given message to the console.</doc>
<status status="PASS" starttime="20220304 18:21:31.835" endtime="20220304 18:21:31.836"/>
</kw>
<status status="PASS" starttime="20220304 18:21:31.809" endtime="20220304 18:21:31.836"/>
</iter>
<iter>
<var name="${i}">7</var>
<kw name="Get Text" library="SeleniumLibrary">
<var>${name}</var>
<arg>xpath=//table[@id='example']/tbody/tr[${i}]/td[2]</arg>
<doc>Returns the text value of the element identified by ``locator``.</doc>
<msg timestamp="20220304 18:21:31.859" level="INFO">${name} = Bruno Nash</msg>
<status status="PASS" starttime="20220304 18:21:31.836" endtime="20220304 18:21:31.859"/>
</kw>
<kw name="Log To Console" library="BuiltIn">
<arg>${name}</arg>
<doc>Logs the given message to the console.</doc>
<status status="PASS" starttime="20220304 18:21:31.859" endtime="20220304 18:21:31.860"/>
</kw>
<status status="PASS" starttime="20220304 18:21:31.836" endtime="20220304 18:21:31.860"/>
</iter>
<iter>
<var name="${i}">8</var>
<kw name="Get Text" library="SeleniumLibrary">
<var>${name}</var>
<arg>xpath=//table[@id='example']/tbody/tr[${i}]/td[2]</arg>
<doc>Returns the text value of the element identified by ``locator``.</doc>
<msg timestamp="20220304 18:21:31.883" level="INFO">${name} = Caesar Vance</msg>
<status status="PASS" starttime="20220304 18:21:31.860" endtime="20220304 18:21:31.883"/>
</kw>
<kw name="Log To Console" library="BuiltIn">
<arg>${name}</arg>
<doc>Logs the given message to the console.</doc>
<status status="PASS" starttime="20220304 18:21:31.883" endtime="20220304 18:21:31.883"/>
</kw>
<status status="PASS" starttime="20220304 18:21:31.860" endtime="20220304 18:21:31.883"/>
</iter>
<iter>
<var name="${i}">9</var>
<kw name="Get Text" library="SeleniumLibrary">
<var>${name}</var>
<arg>xpath=//table[@id='example']/tbody/tr[${i}]/td[2]</arg>
<doc>Returns the text value of the element identified by ``locator``.</doc>
<msg timestamp="20220304 18:21:31.905" level="INFO">${name} = Cara Stevens</msg>
<status status="PASS" starttime="20220304 18:21:31.883" endtime="20220304 18:21:31.905"/>
</kw>
<kw name="Log To Console" library="BuiltIn">
<arg>${name}</arg>
<doc>Logs the given message to the console.</doc>
<status status="PASS" starttime="20220304 18:21:31.905" endtime="20220304 18:21:31.906"/>
</kw>
<status status="PASS" starttime="20220304 18:21:31.883" endtime="20220304 18:21:31.906"/>
</iter>
<iter>
<var name="${i}">10</var>
<kw name="Get Text" library="SeleniumLibrary">
<var>${name}</var>
<arg>xpath=//table[@id='example']/tbody/tr[${i}]/td[2]</arg>
<doc>Returns the text value of the element identified by ``locator``.</doc>
<msg timestamp="20220304 18:21:31.928" level="INFO">${name} = Cedric Kelly</msg>
<status status="PASS" starttime="20220304 18:21:31.906" endtime="20220304 18:21:31.928"/>
</kw>
<kw name="Log To Console" library="BuiltIn">
<arg>${name}</arg>
<doc>Logs the given message to the console.</doc>
<status status="PASS" starttime="20220304 18:21:31.928" endtime="20220304 18:21:31.929"/>
</kw>
<status status="PASS" starttime="20220304 18:21:31.906" endtime="20220304 18:21:31.929"/>
</iter>
<status status="PASS" starttime="20220304 18:21:31.677" endtime="20220304 18:21:31.929"/>
</for>
<status status="PASS" starttime="20220304 18:21:27.227" endtime="20220304 18:21:31.929"/>
</test>
<status status="PASS" starttime="20220304 18:21:26.910" endtime="20220304 18:21:31.931"/>
</suite>
<statistics>
<total>
<stat pass="1" fail="0" skip="0">All Tests</stat>
</total>
<tag>
</tag>
<suite>
<stat pass="1" fail="0" skip="0" id="s1" name="Demo27">Demo27</stat>
</suite>
</statistics>
<errors>
</errors>
</robot>
