<?xml version="1.0" encoding="UTF-8"?>
<robot generator="Robot 4.1.3 (Python 3.10.2 on win32)" generated="20220224 14:23:22.755" rpa="false" schemaversion="2">
<suite id="s1" name="Demo3 Nasscom Suite" source="C:\Mine\Company\NCS2\robot_project\selenium_suite\demo3_nasscom_suite.robot">
<test id="s1-t1" name="TC1">
<kw name="Open Browser" library="SeleniumLibrary">
<arg>browser=chrome</arg>
<arg>executable_path=${EXECDIR}${/}driver${/}chromedriver.exe</arg>
<doc>Opens a new browser instance to the optional ``url``.</doc>
<msg timestamp="20220224 14:23:23.048" level="INFO">Opening browser 'chrome' to base url 'None'.</msg>
<status status="PASS" starttime="20220224 14:23:23.047" endtime="20220224 14:23:24.524"/>
</kw>
<kw name="Maximize Browser Window" library="SeleniumLibrary">
<doc>Maximizes current browser window.</doc>
<status status="PASS" starttime="20220224 14:23:24.525" endtime="20220224 14:23:24.643"/>
</kw>
<kw name="Set Selenium Implicit Wait" library="SeleniumLibrary">
<arg>30s</arg>
<doc>Sets the implicit wait value used by Selenium.</doc>
<status status="PASS" starttime="20220224 14:23:24.644" endtime="20220224 14:23:24.659"/>
</kw>
<kw name="Go To" library="SeleniumLibrary">
<arg>url=https://nasscom.in/</arg>
<doc>Navigates the current browser window to the provided ``url``.</doc>
<msg timestamp="20220224 14:23:24.659" level="INFO">Opening url 'https://nasscom.in/'</msg>
<status status="PASS" starttime="20220224 14:23:24.659" endtime="20220224 14:23:28.864"/>
</kw>
<kw name="Click Element" library="SeleniumLibrary">
<arg>partial link=New User</arg>
<doc>Click the element identified by ``locator``.</doc>
<msg timestamp="20220224 14:23:28.866" level="INFO">Clicking element 'partial link=New User'.</msg>
<status status="PASS" starttime="20220224 14:23:28.865" endtime="20220224 14:23:29.173"/>
</kw>
<kw name="Input Text" library="SeleniumLibrary">
<arg>id=edit-field-fname-reg</arg>
<arg>bala</arg>
<doc>Types the given ``text`` into the text field identified by ``locator``.</doc>
<msg timestamp="20220224 14:23:29.175" level="INFO">Typing text 'bala' into text field 'id=edit-field-fname-reg'.</msg>
<status status="PASS" starttime="20220224 14:23:29.174" endtime="20220224 14:23:29.565"/>
</kw>
<kw name="Input Text" library="SeleniumLibrary">
<arg>id=edit-field-lname</arg>
<arg>dina</arg>
<doc>Types the given ``text`` into the text field identified by ``locator``.</doc>
<msg timestamp="20220224 14:23:29.567" level="INFO">Typing text 'dina' into text field 'id=edit-field-lname'.</msg>
<status status="PASS" starttime="20220224 14:23:29.566" endtime="20220224 14:23:29.693"/>
</kw>
<kw name="Input Text" library="SeleniumLibrary">
<arg>id=edit-mail</arg>
<arg>bala@gmail.com</arg>
<doc>Types the given ``text`` into the text field identified by ``locator``.</doc>
<msg timestamp="20220224 14:23:29.694" level="INFO">Typing text 'bala@gmail.com' into text field 'id=edit-mail'.</msg>
<status status="PASS" starttime="20220224 14:23:29.693" endtime="20220224 14:23:29.852"/>
</kw>
<kw name="Input Text" library="SeleniumLibrary">
<arg>id=edit-field-company-name-registration</arg>
<arg>ncs</arg>
<doc>Types the given ``text`` into the text field identified by ``locator``.</doc>
<msg timestamp="20220224 14:23:29.853" level="INFO">Typing text 'ncs' into text field 'id=edit-field-company-name-registration'.</msg>
<status status="PASS" starttime="20220224 14:23:29.852" endtime="20220224 14:23:29.939"/>
</kw>
<kw name="Select From List By Value" library="SeleniumLibrary">
<arg>id=edit-field-business-focus-reg</arg>
<arg>51</arg>
<doc>Selects options from selection list ``locator`` by ``values``.</doc>
<msg timestamp="20220224 14:23:29.941" level="INFO">Selecting options from selection list 'id=edit-field-business-focus-reg' by value 51.</msg>
<status status="PASS" starttime="20220224 14:23:29.941" endtime="20220224 14:23:30.015"/>
</kw>
<kw name="Click Element" library="SeleniumLibrary">
<arg>id=edit-submit--2</arg>
<doc>Click the element identified by ``locator``.</doc>
<msg timestamp="20220224 14:23:30.016" level="INFO">Clicking element 'id=edit-submit--2'.</msg>
<status status="PASS" starttime="20220224 14:23:30.016" endtime="20220224 14:23:30.120"/>
</kw>
<status status="PASS" starttime="20220224 14:23:23.047" endtime="20220224 14:23:30.121"/>
</test>
<status status="PASS" starttime="20220224 14:23:22.757" endtime="20220224 14:23:30.123"/>
</suite>
<statistics>
<total>
<stat pass="1" fail="0" skip="0">All Tests</stat>
</total>
<tag>
</tag>
<suite>
<stat pass="1" fail="0" skip="0" id="s1" name="Demo3 Nasscom Suite">Demo3 Nasscom Suite</stat>
</suite>
</statistics>
<errors>
</errors>
</robot>
