<?xml version="1.0" encoding="UTF-8"?>
<robot generator="Robot 4.1.3 (Python 3.10.2 on win32)" generated="20220224 17:52:32.024" rpa="false" schemaversion="2">
<suite id="s1" name="Demo6 Salesforce Suite" source="C:\Mine\Company\NCS2\robot_project\selenium_suite\demo6_salesforce_suite.robot">
<test id="s1-t1" name="TC1">
<kw name="Open Browser" library="SeleniumLibrary">
<arg>browser=chrome</arg>
<arg>executable_path=${EXECDIR}${/}driver${/}chromedriver.exe</arg>
<doc>Opens a new browser instance to the optional ``url``.</doc>
<msg timestamp="20220224 17:52:32.351" level="INFO">Opening browser 'chrome' to base url 'None'.</msg>
<status status="PASS" starttime="20220224 17:52:32.351" endtime="20220224 17:52:36.799"/>
</kw>
<kw name="Maximize Browser Window" library="SeleniumLibrary">
<doc>Maximizes current browser window.</doc>
<status status="PASS" starttime="20220224 17:52:36.800" endtime="20220224 17:52:36.921"/>
</kw>
<kw name="Set Selenium Implicit Wait" library="SeleniumLibrary">
<arg>10s</arg>
<doc>Sets the implicit wait value used by Selenium.</doc>
<status status="PASS" starttime="20220224 17:52:36.921" endtime="20220224 17:52:36.923"/>
</kw>
<kw name="Go To" library="SeleniumLibrary">
<arg>url=https://www.salesforce.com/in/form/signup/freetrial-sales/</arg>
<doc>Navigates the current browser window to the provided ``url``.</doc>
<msg timestamp="20220224 17:52:36.924" level="INFO">Opening url 'https://www.salesforce.com/in/form/signup/freetrial-sales/'</msg>
<status status="PASS" starttime="20220224 17:52:36.924" endtime="20220224 17:52:42.619"/>
</kw>
<kw name="Input Text" library="SeleniumLibrary">
<arg>id=UserFirstName-HzRK</arg>
<arg>bala</arg>
<doc>Types the given ``text`` into the text field identified by ``locator``.</doc>
<msg timestamp="20220224 17:52:42.622" level="INFO">Typing text 'bala' into text field 'id=UserFirstName-HzRK'.</msg>
<msg timestamp="20220224 17:52:53.127" level="INFO" html="true">&lt;/td&gt;&lt;/tr&gt;&lt;tr&gt;&lt;td colspan="3"&gt;&lt;a href="selenium-screenshot-5.png"&gt;&lt;img src="selenium-screenshot-5.png" width="800px"&gt;&lt;/a&gt;</msg>
<msg timestamp="20220224 17:52:53.149" level="FAIL">Element with locator 'id=UserFirstName-HzRK' not found.</msg>
<status status="FAIL" starttime="20220224 17:52:42.620" endtime="20220224 17:52:53.149"/>
</kw>
<status status="FAIL" starttime="20220224 17:52:32.350" endtime="20220224 17:52:53.153">Element with locator 'id=UserFirstName-HzRK' not found.</status>
</test>
<status status="FAIL" starttime="20220224 17:52:32.029" endtime="20220224 17:52:53.158"/>
</suite>
<statistics>
<total>
<stat pass="0" fail="1" skip="0">All Tests</stat>
</total>
<tag>
</tag>
<suite>
<stat pass="0" fail="1" skip="0" id="s1" name="Demo6 Salesforce Suite">Demo6 Salesforce Suite</stat>
</suite>
</statistics>
<errors>
</errors>
</robot>
