<?xml version="1.0" encoding="UTF-8"?>
<robot generator="Robot 4.1.3 (Python 3.10.2 on win32)" generated="20220225 15:05:35.400" rpa="false" schemaversion="2">
<suite id="s1" name="Demo8 Multiple Tabs Suite" source="C:\Mine\Company\NCS2\robot_project\selenium_suite\demo8_multiple_tabs_suite.robot">
<test id="s1-t1" name="TC3">
<kw name="Open Browser" library="SeleniumLibrary">
<arg>browser=gc</arg>
<arg>executable_path=${EXECDIR}${/}driver${/}chromedriver.exe</arg>
<doc>Opens a new browser instance to the optional ``url``.</doc>
<msg timestamp="20220225 15:05:35.684" level="INFO">Opening browser 'gc' to base url 'None'.</msg>
<status status="PASS" starttime="20220225 15:05:35.683" endtime="20220225 15:05:36.850"/>
</kw>
<kw name="Maximize Browser Window" library="SeleniumLibrary">
<doc>Maximizes current browser window.</doc>
<status status="PASS" starttime="20220225 15:05:36.851" endtime="20220225 15:05:36.965"/>
</kw>
<kw name="Set Selenium Implicit Wait" library="SeleniumLibrary">
<arg>20s</arg>
<doc>Sets the implicit wait value used by Selenium.</doc>
<status status="PASS" starttime="20220225 15:05:36.965" endtime="20220225 15:05:36.966"/>
</kw>
<kw name="Go To" library="SeleniumLibrary">
<arg>url=https://www.online.citibank.co.in/</arg>
<doc>Navigates the current browser window to the provided ``url``.</doc>
<msg timestamp="20220225 15:05:36.967" level="INFO">Opening url 'https://www.online.citibank.co.in/'</msg>
<status status="PASS" starttime="20220225 15:05:36.967" endtime="20220225 15:05:40.460"/>
</kw>
<kw name="Click Element" library="SeleniumLibrary">
<arg>link=APPLY FOR CREDIT CARDS</arg>
<doc>Click the element identified by ``locator``.</doc>
<msg timestamp="20220225 15:05:40.461" level="INFO">Clicking element 'link=APPLY FOR CREDIT CARDS'.</msg>
<status status="PASS" starttime="20220225 15:05:40.460" endtime="20220225 15:05:40.647"/>
</kw>
<kw name="Switch Window" library="SeleniumLibrary">
<arg>NEW</arg>
<doc>Switches to browser window matching ``locator``.</doc>
<status status="PASS" starttime="20220225 15:05:40.647" endtime="20220225 15:05:40.660"/>
</kw>
<kw name="Click Element" library="SeleniumLibrary">
<arg>link=Travel</arg>
<doc>Click the element identified by ``locator``.</doc>
<msg timestamp="20220225 15:05:40.661" level="INFO">Clicking element 'link=Travel'.</msg>
<status status="PASS" starttime="20220225 15:05:40.661" endtime="20220225 15:05:48.780"/>
</kw>
<kw name="Input Text" library="SeleniumLibrary">
<arg>id=Email_Id</arg>
<arg>john@gmail.com</arg>
<doc>Types the given ``text`` into the text field identified by ``locator``.</doc>
<msg timestamp="20220225 15:05:48.782" level="INFO">Typing text 'john@gmail.com' into text field 'id=Email_Id'.</msg>
<status status="PASS" starttime="20220225 15:05:48.781" endtime="20220225 15:05:49.050"/>
</kw>
<kw name="Input Text" library="SeleniumLibrary">
<arg>id=mobile_number</arg>
<arg>88999988888</arg>
<doc>Types the given ``text`` into the text field identified by ``locator``.</doc>
<msg timestamp="20220225 15:05:49.051" level="INFO">Typing text '88999988888' into text field 'id=mobile_number'.</msg>
<status status="PASS" starttime="20220225 15:05:49.050" endtime="20220225 15:05:49.146"/>
</kw>
<kw name="Select From List By Label" library="SeleniumLibrary">
<arg>id=Title</arg>
<arg>Mx.</arg>
<doc>Selects options from selection list ``locator`` by ``labels``.</doc>
<msg timestamp="20220225 15:05:49.147" level="INFO">Selecting options from selection list 'id=Title' by label Mx..</msg>
<status status="PASS" starttime="20220225 15:05:49.147" endtime="20220225 15:05:49.227"/>
</kw>
<kw name="Input Text" library="SeleniumLibrary">
<arg>id=FirstName</arg>
<arg>john d</arg>
<doc>Types the given ``text`` into the text field identified by ``locator``.</doc>
<msg timestamp="20220225 15:05:49.228" level="INFO">Typing text 'john d' into text field 'id=FirstName'.</msg>
<status status="PASS" starttime="20220225 15:05:49.228" endtime="20220225 15:05:49.316"/>
</kw>
<kw name="Click Element" library="SeleniumLibrary">
<arg>xpath=(//input[@id='existcust'])[2]</arg>
<doc>Click the element identified by ``locator``.</doc>
<msg timestamp="20220225 15:05:49.316" level="INFO">Clicking element 'xpath=(//input[@id='existcust'])[2]'.</msg>
<status status="PASS" starttime="20220225 15:05:49.316" endtime="20220225 15:05:49.397"/>
</kw>
<status status="PASS" starttime="20220225 15:05:35.683" endtime="20220225 15:05:49.397"/>
</test>
<status status="PASS" starttime="20220225 15:05:35.402" endtime="20220225 15:05:49.399"/>
</suite>
<statistics>
<total>
<stat pass="1" fail="0" skip="0">All Tests</stat>
</total>
<tag>
</tag>
<suite>
<stat pass="1" fail="0" skip="0" id="s1" name="Demo8 Multiple Tabs Suite">Demo8 Multiple Tabs Suite</stat>
</suite>
</statistics>
<errors>
</errors>
</robot>
