<?xml version="1.0" encoding="UTF-8"?>
<robot generator="Robot 4.1.3 (Python 3.10.2 on win32)" generated="20220224 15:28:18.658" rpa="false" schemaversion="2">
<suite id="s1" name="Demo4 Gotomeet Suite" source="C:\Mine\Company\NCS2\robot_project\selenium_suite\demo4_gotomeet_suite.robot">
<test id="s1-t1" name="TC1">
<kw name="Open Browser" library="SeleniumLibrary">
<arg>browser=chrome</arg>
<arg>executable_path=${EXECDIR}${/}driver${/}chromedriver.exe</arg>
<doc>Opens a new browser instance to the optional ``url``.</doc>
<msg timestamp="20220224 15:28:19.005" level="INFO">Opening browser 'chrome' to base url 'None'.</msg>
<status status="PASS" starttime="20220224 15:28:19.004" endtime="20220224 15:28:21.472"/>
</kw>
<kw name="Maximize Browser Window" library="SeleniumLibrary">
<doc>Maximizes current browser window.</doc>
<status status="PASS" starttime="20220224 15:28:21.473" endtime="20220224 15:28:21.648"/>
</kw>
<kw name="Set Selenium Implicit Wait" library="SeleniumLibrary">
<arg>30s</arg>
<doc>Sets the implicit wait value used by Selenium.</doc>
<status status="PASS" starttime="20220224 15:28:21.649" endtime="20220224 15:28:21.669"/>
</kw>
<kw name="Go To" library="SeleniumLibrary">
<arg>url=https://www.goto.com/meeting</arg>
<doc>Navigates the current browser window to the provided ``url``.</doc>
<msg timestamp="20220224 15:28:21.670" level="INFO">Opening url 'https://www.goto.com/meeting'</msg>
<status status="PASS" starttime="20220224 15:28:21.670" endtime="20220224 15:28:25.841"/>
</kw>
<kw name="Click Element" library="SeleniumLibrary">
<arg>id=truste-consent-button</arg>
<doc>Click the element identified by ``locator``.</doc>
<msg timestamp="20220224 15:28:25.846" level="INFO">Clicking element 'id=truste-consent-button'.</msg>
<status status="PASS" starttime="20220224 15:28:25.842" endtime="20220224 15:28:25.953"/>
</kw>
<kw name="Click Element" library="SeleniumLibrary">
<arg>link=Try Free</arg>
<doc>Click the element identified by ``locator``.</doc>
<msg timestamp="20220224 15:28:25.954" level="INFO">Clicking element 'link=Try Free'.</msg>
<status status="PASS" starttime="20220224 15:28:25.954" endtime="20220224 15:28:27.515"/>
</kw>
<kw name="Input Text" library="SeleniumLibrary">
<arg>id=first-name</arg>
<arg>Balaji</arg>
<doc>Types the given ``text`` into the text field identified by ``locator``.</doc>
<msg timestamp="20220224 15:28:27.518" level="INFO">Typing text 'Balaji' into text field 'id=first-name'.</msg>
<status status="PASS" starttime="20220224 15:28:27.517" endtime="20220224 15:28:27.688"/>
</kw>
<kw name="Input Text" library="SeleniumLibrary">
<arg>id=last-name</arg>
<arg>Dina</arg>
<doc>Types the given ``text`` into the text field identified by ``locator``.</doc>
<msg timestamp="20220224 15:28:27.689" level="INFO">Typing text 'Dina' into text field 'id=last-name'.</msg>
<status status="PASS" starttime="20220224 15:28:27.689" endtime="20220224 15:28:27.797"/>
</kw>
<kw name="Input Text" library="SeleniumLibrary">
<arg>id=login__email</arg>
<arg>bala@g.com</arg>
<doc>Types the given ``text`` into the text field identified by ``locator``.</doc>
<msg timestamp="20220224 15:28:27.798" level="INFO">Typing text 'bala@g.com' into text field 'id=login__email'.</msg>
<status status="PASS" starttime="20220224 15:28:27.798" endtime="20220224 15:28:28.045"/>
</kw>
<kw name="Select From List By Label" library="SeleniumLibrary">
<arg>id=CompanySize</arg>
<arg>10 - 99</arg>
<doc>Selects options from selection list ``locator`` by ``labels``.</doc>
<msg timestamp="20220224 15:28:28.047" level="INFO">Selecting options from selection list 'id=CompanySize' by label 10 - 99.</msg>
<status status="PASS" starttime="20220224 15:28:28.046" endtime="20220224 15:28:28.134"/>
</kw>
<kw name="Click Element" library="SeleniumLibrary">
<arg>xpath=//button[text()='Start My Trial']</arg>
<doc>Click the element identified by ``locator``.</doc>
<msg timestamp="20220224 15:28:28.135" level="INFO">Clicking element 'xpath=//button[text()='Start My Trial']'.</msg>
<status status="PASS" starttime="20220224 15:28:28.135" endtime="20220224 15:28:28.365"/>
</kw>
<kw name="Get Text" library="SeleniumLibrary">
<var>${header}</var>
<arg>tag=h1</arg>
<doc>Returns the text value of the element identified by ``locator``.</doc>
<msg timestamp="20220224 15:28:28.390" level="INFO">${header} = Try GoTo Meeting free for 14 days</msg>
<status status="PASS" starttime="20220224 15:28:28.365" endtime="20220224 15:28:28.390"/>
</kw>
<kw name="Log To Console" library="BuiltIn">
<arg>${header}</arg>
<doc>Logs the given message to the console.</doc>
<status status="PASS" starttime="20220224 15:28:28.391" endtime="20220224 15:28:28.392"/>
</kw>
<kw name="Get Text" library="SeleniumLibrary">
<var>${text}</var>
<arg>xpath=//div[@class='inputField__requirements']</arg>
<doc>Returns the text value of the element identified by ``locator``.</doc>
<msg timestamp="20220224 15:28:28.416" level="INFO">${text} = Password Requirements:
8 - 32 Characters
Contains at least 1 letter
Contains at least 1 number</msg>
<status status="PASS" starttime="20220224 15:28:28.392" endtime="20220224 15:28:28.416"/>
</kw>
<kw name="Log To Console" library="BuiltIn">
<arg>${text}</arg>
<doc>Logs the given message to the console.</doc>
<status status="PASS" starttime="20220224 15:28:28.416" endtime="20220224 15:28:28.417"/>
</kw>
<status status="PASS" starttime="20220224 15:28:19.004" endtime="20220224 15:28:28.418"/>
</test>
<status status="PASS" starttime="20220224 15:28:18.661" endtime="20220224 15:28:28.422"/>
</suite>
<statistics>
<total>
<stat pass="1" fail="0" skip="0">All Tests</stat>
</total>
<tag>
</tag>
<suite>
<stat pass="1" fail="0" skip="0" id="s1" name="Demo4 Gotomeet Suite">Demo4 Gotomeet Suite</stat>
</suite>
</statistics>
<errors>
</errors>
</robot>
