<?xml version="1.0" encoding="UTF-8"?>
<robot generator="Robot 4.1.3 (Python 3.10.2 on win32)" generated="20220301 14:43:00.253" rpa="false" schemaversion="2">
<suite id="s1" name="Demo18 Selenium Suite" source="C:\Mine\Company\NCS2\robot_project\selenium_suite\demo18_selenium_suite.robot">
<kw name="Log To Console" library="BuiltIn" type="SETUP">
<arg>Suite Start</arg>
<doc>Logs the given message to the console.</doc>
<status status="PASS" starttime="20220301 14:43:00.525" endtime="20220301 14:43:00.525"/>
</kw>
<test id="s1-t1" name="TC1">
<kw name="Log To Console" library="BuiltIn" type="SETUP">
<arg>Start</arg>
<doc>Logs the given message to the console.</doc>
<status status="PASS" starttime="20220301 14:43:00.526" endtime="20220301 14:43:00.526"/>
</kw>
<kw name="Open Browser" library="SeleniumLibrary">
<arg>browser=ch</arg>
<arg>executable_path=${EXECDIR}${/}driver${/}chromedriver.exe</arg>
<doc>Opens a new browser instance to the optional ``url``.</doc>
<msg timestamp="20220301 14:43:00.528" level="INFO">Opening browser 'ch' to base url 'None'.</msg>
<msg timestamp="20220301 14:43:00.528" level="INFO">Cannot capture screenshot because no browser is open.</msg>
<msg timestamp="20220301 14:43:00.530" level="FAIL">ValueError: ch is not a supported browser.</msg>
<status status="FAIL" starttime="20220301 14:43:00.528" endtime="20220301 14:43:00.530"/>
</kw>
<kw name="Maximize Browser Window" library="SeleniumLibrary">
<doc>Maximizes current browser window.</doc>
<status status="NOT RUN" starttime="20220301 14:43:00.531" endtime="20220301 14:43:00.531"/>
</kw>
<kw name="Set Selenium Implicit Wait" library="SeleniumLibrary">
<arg>30s</arg>
<doc>Sets the implicit wait value used by Selenium.</doc>
<status status="NOT RUN" starttime="20220301 14:43:00.531" endtime="20220301 14:43:00.531"/>
</kw>
<kw name="Go To" library="SeleniumLibrary">
<arg>url=http://google.com</arg>
<doc>Navigates the current browser window to the provided ``url``.</doc>
<status status="NOT RUN" starttime="20220301 14:43:00.532" endtime="20220301 14:43:00.532"/>
</kw>
<kw name="Log To Console" library="BuiltIn" type="TEARDOWN">
<arg>End</arg>
<doc>Logs the given message to the console.</doc>
<status status="PASS" starttime="20220301 14:43:00.533" endtime="20220301 14:43:00.533"/>
</kw>
<status status="FAIL" starttime="20220301 14:43:00.525" endtime="20220301 14:43:00.533">ValueError: ch is not a supported browser.</status>
</test>
<test id="s1-t2" name="TC2">
<kw name="Log To Console" library="BuiltIn" type="SETUP">
<arg>Start</arg>
<doc>Logs the given message to the console.</doc>
<status status="PASS" starttime="20220301 14:43:00.536" endtime="20220301 14:43:00.536"/>
</kw>
<kw name="Open Browser" library="SeleniumLibrary">
<arg>browser=chrome</arg>
<arg>executable_path=${EXECDIR}${/}driver${/}chromedriver.exe</arg>
<doc>Opens a new browser instance to the optional ``url``.</doc>
<msg timestamp="20220301 14:43:00.539" level="INFO">Opening browser 'chrome' to base url 'None'.</msg>
<status status="PASS" starttime="20220301 14:43:00.538" endtime="20220301 14:43:02.486"/>
</kw>
<kw name="Maximize Browser Window" library="SeleniumLibrary">
<doc>Maximizes current browser window.</doc>
<status status="PASS" starttime="20220301 14:43:02.486" endtime="20220301 14:43:02.644"/>
</kw>
<kw name="Set Selenium Implicit Wait" library="SeleniumLibrary">
<arg>30s</arg>
<doc>Sets the implicit wait value used by Selenium.</doc>
<status status="PASS" starttime="20220301 14:43:02.645" endtime="20220301 14:43:02.646"/>
</kw>
<kw name="Go To" library="SeleniumLibrary">
<arg>url=http://gmail.com</arg>
<doc>Navigates the current browser window to the provided ``url``.</doc>
<msg timestamp="20220301 14:43:02.648" level="INFO">Opening url 'http://gmail.com'</msg>
<status status="PASS" starttime="20220301 14:43:02.646" endtime="20220301 14:43:05.477"/>
</kw>
<kw name="Log To Console" library="BuiltIn" type="TEARDOWN">
<arg>End</arg>
<doc>Logs the given message to the console.</doc>
<status status="PASS" starttime="20220301 14:43:05.478" endtime="20220301 14:43:05.478"/>
</kw>
<status status="PASS" starttime="20220301 14:43:00.535" endtime="20220301 14:43:05.479"/>
</test>
<test id="s1-t3" name="TC3">
<kw name="Log To Console" library="BuiltIn" type="SETUP">
<arg>Start</arg>
<doc>Logs the given message to the console.</doc>
<status status="PASS" starttime="20220301 14:43:05.481" endtime="20220301 14:43:05.482"/>
</kw>
<kw name="Open Browser" library="SeleniumLibrary">
<arg>browser=chrome</arg>
<arg>executable_path=${EXECDIR}${/}driver${/}chromedriver.exe</arg>
<doc>Opens a new browser instance to the optional ``url``.</doc>
<msg timestamp="20220301 14:43:05.483" level="INFO">Opening browser 'chrome' to base url 'None'.</msg>
<status status="PASS" starttime="20220301 14:43:05.482" endtime="20220301 14:43:06.864"/>
</kw>
<kw name="Maximize Browser Window" library="SeleniumLibrary">
<doc>Maximizes current browser window.</doc>
<status status="PASS" starttime="20220301 14:43:06.865" endtime="20220301 14:43:06.990"/>
</kw>
<kw name="Set Selenium Implicit Wait" library="SeleniumLibrary">
<arg>30s</arg>
<doc>Sets the implicit wait value used by Selenium.</doc>
<status status="PASS" starttime="20220301 14:43:06.990" endtime="20220301 14:43:06.995"/>
</kw>
<kw name="Go To" library="SeleniumLibrary">
<arg>url=http://magento.com</arg>
<doc>Navigates the current browser window to the provided ``url``.</doc>
<msg timestamp="20220301 14:43:06.996" level="INFO">Opening url 'http://magento.com'</msg>
<status status="PASS" starttime="20220301 14:43:06.995" endtime="20220301 14:43:11.198"/>
</kw>
<kw name="Log To Console" library="BuiltIn" type="TEARDOWN">
<arg>End</arg>
<doc>Logs the given message to the console.</doc>
<status status="PASS" starttime="20220301 14:43:11.198" endtime="20220301 14:43:11.199"/>
</kw>
<status status="PASS" starttime="20220301 14:43:05.481" endtime="20220301 14:43:11.199"/>
</test>
<kw name="Log To Console" library="BuiltIn" type="TEARDOWN">
<arg>Suite End</arg>
<doc>Logs the given message to the console.</doc>
<status status="PASS" starttime="20220301 14:43:11.200" endtime="20220301 14:43:11.201"/>
</kw>
<status status="FAIL" starttime="20220301 14:43:00.256" endtime="20220301 14:43:11.201"/>
</suite>
<statistics>
<total>
<stat pass="2" fail="1" skip="0">All Tests</stat>
</total>
<tag>
</tag>
<suite>
<stat pass="2" fail="1" skip="0" id="s1" name="Demo18 Selenium Suite">Demo18 Selenium Suite</stat>
</suite>
</statistics>
<errors>
</errors>
</robot>
