<?xml version="1.0" encoding="UTF-8"?>
<robot generator="Robot 4.1.3 (Python 3.10.2 on win32)" generated="20220225 16:52:51.555" rpa="false" schemaversion="2">
<suite id="s1" name="Demo10 Nasscom Alert Suite" source="C:\Mine\Company\NCS2\robot_project\selenium_suite\demo10_nasscom_alert_suite.robot">
<test id="s1-t1" name="TC1">
<kw name="Open Browser" library="SeleniumLibrary">
<arg>browser=gc</arg>
<arg>executable_path=${EXECDIR}${/}driver${/}chromedriver.exe</arg>
<doc>Opens a new browser instance to the optional ``url``.</doc>
<msg timestamp="20220225 16:52:51.868" level="INFO">Opening browser 'gc' to base url 'None'.</msg>
<status status="PASS" starttime="20220225 16:52:51.868" endtime="20220225 16:52:53.241"/>
</kw>
<kw name="Maximize Browser Window" library="SeleniumLibrary">
<doc>Maximizes current browser window.</doc>
<status status="PASS" starttime="20220225 16:52:53.245" endtime="20220225 16:52:53.430"/>
</kw>
<kw name="Set Selenium Implicit Wait" library="SeleniumLibrary">
<arg>20s</arg>
<doc>Sets the implicit wait value used by Selenium.</doc>
<status status="PASS" starttime="20220225 16:52:53.432" endtime="20220225 16:52:53.434"/>
</kw>
<kw name="Go To" library="SeleniumLibrary">
<arg>url=https://nasscom.in/nasscom-membership</arg>
<doc>Navigates the current browser window to the provided ``url``.</doc>
<msg timestamp="20220225 16:52:53.435" level="INFO">Opening url 'https://nasscom.in/nasscom-membership'</msg>
<status status="PASS" starttime="20220225 16:52:53.435" endtime="20220225 16:52:57.012"/>
</kw>
<kw name="Handle Alert" library="SeleniumLibrary">
<var>${text}</var>
<doc>Handles the current alert and returns its message.</doc>
<msg timestamp="20220225 16:52:57.013" level="INFO">HANDLE::&lt;class 'NoneType'&gt;::None</msg>
<msg timestamp="20220225 16:53:02.462" level="INFO" html="true">&lt;/td&gt;&lt;/tr&gt;&lt;tr&gt;&lt;td colspan="3"&gt;&lt;a href="selenium-screenshot-6.png"&gt;&lt;img src="selenium-screenshot-6.png" width="800px"&gt;&lt;/a&gt;</msg>
<msg timestamp="20220225 16:53:02.467" level="FAIL">Alert not found in 5 seconds.</msg>
<status status="FAIL" starttime="20220225 16:52:57.012" endtime="20220225 16:53:02.467"/>
</kw>
<kw name="Log To Console" library="BuiltIn">
<arg>${text}</arg>
<doc>Logs the given message to the console.</doc>
<status status="NOT RUN" starttime="20220225 16:53:02.468" endtime="20220225 16:53:02.468"/>
</kw>
<kw name="Should Be Equal" library="BuiltIn">
<arg>${text}</arg>
<arg>Please enter amount in digit and greater than zero.</arg>
<doc>Fails if the given objects are unequal.</doc>
<status status="NOT RUN" starttime="20220225 16:53:02.468" endtime="20220225 16:53:02.468"/>
</kw>
<status status="FAIL" starttime="20220225 16:52:51.867" endtime="20220225 16:53:02.469">Alert not found in 5 seconds.</status>
</test>
<test id="s1-t2" name="TC2">
<kw name="Open Browser" library="SeleniumLibrary">
<arg>browser=gc</arg>
<arg>executable_path=${EXECDIR}${/}driver${/}chromedriver.exe</arg>
<doc>Opens a new browser instance to the optional ``url``.</doc>
<msg timestamp="20220225 16:53:02.472" level="INFO">Opening browser 'gc' to base url 'None'.</msg>
<status status="PASS" starttime="20220225 16:53:02.472" endtime="20220225 16:53:04.556"/>
</kw>
<kw name="Maximize Browser Window" library="SeleniumLibrary">
<doc>Maximizes current browser window.</doc>
<status status="PASS" starttime="20220225 16:53:04.557" endtime="20220225 16:53:04.762"/>
</kw>
<kw name="Set Selenium Implicit Wait" library="SeleniumLibrary">
<arg>20s</arg>
<doc>Sets the implicit wait value used by Selenium.</doc>
<status status="PASS" starttime="20220225 16:53:04.763" endtime="20220225 16:53:04.766"/>
</kw>
<kw name="Go To" library="SeleniumLibrary">
<arg>url=https://nasscom.in/nasscom-membership</arg>
<doc>Navigates the current browser window to the provided ``url``.</doc>
<msg timestamp="20220225 16:53:04.767" level="INFO">Opening url 'https://nasscom.in/nasscom-membership'</msg>
<status status="PASS" starttime="20220225 16:53:04.766" endtime="20220225 16:53:08.351"/>
</kw>
<kw name="Click Element" library="SeleniumLibrary">
<arg>link=Calculate Membership Fee</arg>
<doc>Click the element identified by ``locator``.</doc>
<msg timestamp="20220225 16:53:08.353" level="INFO">Clicking element 'link=Calculate Membership Fee'.</msg>
<status status="PASS" starttime="20220225 16:53:08.352" endtime="20220225 16:53:08.557"/>
</kw>
<kw name="Alert Should Be Present" library="SeleniumLibrary">
<arg>text=Please enter amount in digit and greater than zero.</arg>
<arg>action=ACCEPT</arg>
<doc>Verifies that an alert is present and by default, accepts it.</doc>
<msg timestamp="20220225 16:53:08.557" level="INFO">HANDLE::&lt;class 'NoneType'&gt;::None</msg>
<status status="PASS" starttime="20220225 16:53:08.557" endtime="20220225 16:53:08.561"/>
</kw>
<status status="PASS" starttime="20220225 16:53:02.470" endtime="20220225 16:53:08.562"/>
</test>
<status status="FAIL" starttime="20220225 16:52:51.557" endtime="20220225 16:53:08.563"/>
</suite>
<statistics>
<total>
<stat pass="1" fail="1" skip="0">All Tests</stat>
</total>
<tag>
</tag>
<suite>
<stat pass="1" fail="1" skip="0" id="s1" name="Demo10 Nasscom Alert Suite">Demo10 Nasscom Alert Suite</stat>
</suite>
</statistics>
<errors>
</errors>
</robot>
