<?xml version="1.0" encoding="UTF-8"?>
<robot generator="Robot 4.1.3 (Python 3.10.2 on win32)" generated="20220224 10:22:59.861" rpa="false" schemaversion="2">
<suite id="s1" name="Demo2 Orangehrm Suite" source="C:\Mine\Company\NCS2\robot_project\selenium_suite\demo2_orangehrm_suite.robot">
<test id="s1-t1" name="TC1 Invalid Credential">
<kw name="Open Browser" library="SeleniumLibrary">
<arg>browser=gc</arg>
<arg>executable_path=${EXECDIR}${/}driver${/}chromedriver.exe</arg>
<doc>Opens a new browser instance to the optional ``url``.</doc>
<msg timestamp="20220224 10:23:00.148" level="INFO">Opening browser 'gc' to base url 'None'.</msg>
<status status="PASS" starttime="20220224 10:23:00.147" endtime="20220224 10:23:01.489"/>
</kw>
<kw name="Maximize Browser Window" library="SeleniumLibrary">
<doc>Maximizes current browser window.</doc>
<status status="PASS" starttime="20220224 10:23:01.489" endtime="20220224 10:23:01.604"/>
</kw>
<kw name="Go To" library="SeleniumLibrary">
<arg>url=https://opensource-demo.orangehrmlive.com/index.php</arg>
<doc>Navigates the current browser window to the provided ``url``.</doc>
<msg timestamp="20220224 10:23:01.606" level="INFO">Opening url 'https://opensource-demo.orangehrmlive.com/index.php'</msg>
<status status="PASS" starttime="20220224 10:23:01.606" endtime="20220224 10:23:05.776"/>
</kw>
<kw name="Input Text" library="SeleniumLibrary">
<arg>id=txtUsername</arg>
<arg>john</arg>
<doc>Types the given ``text`` into the text field identified by ``locator``.</doc>
<msg timestamp="20220224 10:23:05.777" level="INFO">Typing text 'john' into text field 'id=txtUsername'.</msg>
<status status="PASS" starttime="20220224 10:23:05.776" endtime="20220224 10:23:05.855"/>
</kw>
<kw name="Input Password" library="SeleniumLibrary">
<arg>id=txtPassword</arg>
<arg>john123</arg>
<doc>Types the given password into the text field identified by ``locator``.</doc>
<msg timestamp="20220224 10:23:05.856" level="INFO">Typing password into text field 'id=txtPassword'.</msg>
<msg timestamp="20220224 10:23:05.904" level="INFO">Temporally setting log level to: NONE</msg>
<msg timestamp="20220224 10:23:05.943" level="INFO">Log level changed from NONE to INFO.</msg>
<status status="PASS" starttime="20220224 10:23:05.856" endtime="20220224 10:23:05.943"/>
</kw>
<kw name="Click Element" library="SeleniumLibrary">
<arg>name=Submit</arg>
<doc>Click the element identified by ``locator``.</doc>
<msg timestamp="20220224 10:23:05.943" level="INFO">Clicking element 'name=Submit'.</msg>
<status status="PASS" starttime="20220224 10:23:05.943" endtime="20220224 10:23:07.391"/>
</kw>
<kw name="Get Title" library="SeleniumLibrary">
<var>${title}</var>
<doc>Returns the title of the current page.</doc>
<msg timestamp="20220224 10:23:07.397" level="INFO">${title} = OrangeHRM</msg>
<status status="PASS" starttime="20220224 10:23:07.392" endtime="20220224 10:23:07.398"/>
</kw>
<kw name="Log To Console" library="BuiltIn">
<arg>${title}</arg>
<doc>Logs the given message to the console.</doc>
<status status="PASS" starttime="20220224 10:23:07.398" endtime="20220224 10:23:07.398"/>
</kw>
<kw name="Get Location" library="SeleniumLibrary">
<var>${url}</var>
<doc>Returns the current browser window URL.</doc>
<msg timestamp="20220224 10:23:07.403" level="INFO">${url} = https://opensource-demo.orangehrmlive.com/index.php/auth/validateCredentials</msg>
<status status="PASS" starttime="20220224 10:23:07.398" endtime="20220224 10:23:07.403"/>
</kw>
<kw name="Log To Console" library="BuiltIn">
<arg>${url}</arg>
<doc>Logs the given message to the console.</doc>
<status status="PASS" starttime="20220224 10:23:07.403" endtime="20220224 10:23:07.404"/>
</kw>
<kw name="Get Text" library="SeleniumLibrary">
<var>${error_text}</var>
<arg>id=spanMessage</arg>
<doc>Returns the text value of the element identified by ``locator``.</doc>
<msg timestamp="20220224 10:23:07.435" level="INFO">${error_text} = Invalid credentials</msg>
<status status="PASS" starttime="20220224 10:23:07.404" endtime="20220224 10:23:07.435"/>
</kw>
<kw name="Log To Console" library="BuiltIn">
<arg>${error_text}</arg>
<doc>Logs the given message to the console.</doc>
<status status="PASS" starttime="20220224 10:23:07.435" endtime="20220224 10:23:07.436"/>
</kw>
<kw name="Element Text Should Be" library="SeleniumLibrary">
<arg>id=spanMessage</arg>
<arg>Invalid Credentials</arg>
<doc>Verifies that element ``locator`` contains exact the text ``expected``.</doc>
<msg timestamp="20220224 10:23:07.437" level="INFO">Verifying element 'id=spanMessage' contains exact text 'Invalid Credentials'.</msg>
<msg timestamp="20220224 10:23:07.767" level="INFO" html="true">&lt;/td&gt;&lt;/tr&gt;&lt;tr&gt;&lt;td colspan="3"&gt;&lt;a href="selenium-screenshot-2.png"&gt;&lt;img src="selenium-screenshot-2.png" width="800px"&gt;&lt;/a&gt;</msg>
<msg timestamp="20220224 10:23:07.769" level="FAIL">The text of element 'id=spanMessage' should have been 'Invalid Credentials' but it was 'Invalid credentials'.</msg>
<status status="FAIL" starttime="20220224 10:23:07.436" endtime="20220224 10:23:07.769"/>
</kw>
<kw name="Close Browser" library="SeleniumLibrary">
<doc>Closes the current browser.</doc>
<status status="NOT RUN" starttime="20220224 10:23:07.769" endtime="20220224 10:23:07.769"/>
</kw>
<status status="FAIL" starttime="20220224 10:23:00.146" endtime="20220224 10:23:07.770">The text of element 'id=spanMessage' should have been 'Invalid Credentials' but it was 'Invalid credentials'.</status>
</test>
<status status="FAIL" starttime="20220224 10:22:59.862" endtime="20220224 10:23:07.771"/>
</suite>
<statistics>
<total>
<stat pass="0" fail="1" skip="0">All Tests</stat>
</total>
<tag>
</tag>
<suite>
<stat pass="0" fail="1" skip="0" id="s1" name="Demo2 Orangehrm Suite">Demo2 Orangehrm Suite</stat>
</suite>
</statistics>
<errors>
</errors>
</robot>
