<?xml version="1.0" encoding="UTF-8"?>
<robot generator="Robot 4.1.3 (Python 3.10.2 on win32)" generated="20220225 11:27:19.647" rpa="false" schemaversion="2">
<suite id="s1" name="Demo7 Meddibuddy Suite" source="C:\Mine\Company\NCS2\robot_project\selenium_suite\demo7_meddibuddy_suite.robot">
<test id="s1-t1" name="TC2">
<kw name="Open Browser" library="SeleniumLibrary">
<arg>browser=gc</arg>
<arg>executable_path=${EXECDIR}${/}driver${/}chromedriver.exe</arg>
<doc>Opens a new browser instance to the optional ``url``.</doc>
<msg timestamp="20220225 11:27:19.906" level="INFO">Opening browser 'gc' to base url 'None'.</msg>
<status status="PASS" starttime="20220225 11:27:19.905" endtime="20220225 11:27:21.429"/>
</kw>
<kw name="Go To" library="SeleniumLibrary">
<arg>url=https://www.medibuddy.in/</arg>
<doc>Navigates the current browser window to the provided ``url``.</doc>
<msg timestamp="20220225 11:27:21.431" level="INFO">Opening url 'https://www.medibuddy.in/'</msg>
<status status="PASS" starttime="20220225 11:27:21.430" endtime="20220225 11:27:23.265"/>
</kw>
<kw name="Maximize Browser Window" library="SeleniumLibrary">
<doc>Maximizes current browser window.</doc>
<status status="PASS" starttime="20220225 11:27:23.266" endtime="20220225 11:27:23.426"/>
</kw>
<kw name="Set Selenium Implicit Wait" library="SeleniumLibrary">
<arg>30s</arg>
<doc>Sets the implicit wait value used by Selenium.</doc>
<status status="PASS" starttime="20220225 11:27:23.427" endtime="20220225 11:27:23.429"/>
</kw>
<kw name="Click Element" library="SeleniumLibrary">
<arg>id=wzrk-cancel</arg>
<doc>Click the element identified by ``locator``.</doc>
<msg timestamp="20220225 11:27:23.431" level="INFO">Clicking element 'id=wzrk-cancel'.</msg>
<status status="PASS" starttime="20220225 11:27:23.430" endtime="20220225 11:27:32.031"/>
</kw>
<kw name="Click Element" library="SeleniumLibrary">
<arg>link=Login</arg>
<doc>Click the element identified by ``locator``.</doc>
<msg timestamp="20220225 11:27:32.032" level="INFO">Clicking element 'link=Login'.</msg>
<status status="PASS" starttime="20220225 11:27:32.031" endtime="20220225 11:27:32.120"/>
</kw>
<kw name="Click Element" library="SeleniumLibrary">
<arg>xpath=//div[contains(text(),'Insurance/Corporate')]</arg>
<doc>Click the element identified by ``locator``.</doc>
<msg timestamp="20220225 11:27:32.121" level="INFO">Clicking element 'xpath=//div[contains(text(),'Insurance/Corporate')]'.</msg>
<status status="PASS" starttime="20220225 11:27:32.121" endtime="20220225 11:27:32.236"/>
</kw>
<kw name="Click Element" library="SeleniumLibrary">
<arg>xpath=//div[contains(text(),'Login using Username')]</arg>
<doc>Click the element identified by ``locator``.</doc>
<msg timestamp="20220225 11:27:32.237" level="INFO">Clicking element 'xpath=//div[contains(text(),'Login using Username')]'.</msg>
<status status="PASS" starttime="20220225 11:27:32.237" endtime="20220225 11:27:32.344"/>
</kw>
<kw name="Input Text" library="SeleniumLibrary">
<arg>name=userName</arg>
<arg>jack</arg>
<doc>Types the given ``text`` into the text field identified by ``locator``.</doc>
<msg timestamp="20220225 11:27:32.345" level="INFO">Typing text 'jack' into text field 'name=userName'.</msg>
<status status="PASS" starttime="20220225 11:27:32.345" endtime="20220225 11:27:32.494"/>
</kw>
<kw name="Click Element" library="SeleniumLibrary">
<arg>xpath=//button[text()='Proceed']</arg>
<doc>Click the element identified by ``locator``.</doc>
<msg timestamp="20220225 11:27:32.495" level="INFO">Clicking element 'xpath=//button[text()='Proceed']'.</msg>
<status status="PASS" starttime="20220225 11:27:32.495" endtime="20220225 11:27:32.546"/>
</kw>
<kw name="Get Text" library="SeleniumLibrary">
<var>${actual_error}</var>
<arg>xpath=//div[contains(text(),'Oops!')]</arg>
<doc>Returns the text value of the element identified by ``locator``.</doc>
<msg timestamp="20220225 11:27:32.951" level="INFO">${actual_error} = Oops! You need to login through portal.medibuddy.in
(Click on the link above. We are sorry we are redirecting you!)</msg>
<status status="PASS" starttime="20220225 11:27:32.546" endtime="20220225 11:27:32.951"/>
</kw>
<kw name="Should Contain" library="BuiltIn">
<arg>${actual_error}</arg>
<arg>You need to login through portal.medibuddy.in</arg>
<doc>Fails if ``container`` does not contain ``item`` one or more times.</doc>
<status status="PASS" starttime="20220225 11:27:32.951" endtime="20220225 11:27:32.951"/>
</kw>
<kw name="Close Browser" library="SeleniumLibrary" type="TEARDOWN">
<doc>Closes the current browser.</doc>
<status status="PASS" starttime="20220225 11:27:32.952" endtime="20220225 11:27:35.115"/>
</kw>
<status status="PASS" starttime="20220225 11:27:19.905" endtime="20220225 11:27:35.116"/>
</test>
<status status="PASS" starttime="20220225 11:27:19.648" endtime="20220225 11:27:35.118"/>
</suite>
<statistics>
<total>
<stat pass="1" fail="0" skip="0">All Tests</stat>
</total>
<tag>
</tag>
<suite>
<stat pass="1" fail="0" skip="0" id="s1" name="Demo7 Meddibuddy Suite">Demo7 Meddibuddy Suite</stat>
</suite>
</statistics>
<errors>
</errors>
</robot>
