<?xml version="1.0" encoding="UTF-8"?>
<robot generator="Robot 4.1.3 (Python 3.10.2 on win32)" generated="20220225 16:34:23.577" rpa="false" schemaversion="2">
<suite id="s1" name="Demo9 Alert Suite" source="C:\Mine\Company\NCS2\robot_project\selenium_suite\demo9_alert_suite.robot">
<test id="s1-t1" name="TC3">
<kw name="Open Browser" library="SeleniumLibrary">
<arg>browser=gc</arg>
<arg>executable_path=${EXECDIR}${/}driver${/}chromedriver.exe</arg>
<doc>Opens a new browser instance to the optional ``url``.</doc>
<msg timestamp="20220225 16:34:23.872" level="INFO">Opening browser 'gc' to base url 'None'.</msg>
<status status="PASS" starttime="20220225 16:34:23.871" endtime="20220225 16:34:25.690"/>
</kw>
<kw name="Maximize Browser Window" library="SeleniumLibrary">
<doc>Maximizes current browser window.</doc>
<status status="PASS" starttime="20220225 16:34:25.691" endtime="20220225 16:34:25.808"/>
</kw>
<kw name="Set Selenium Implicit Wait" library="SeleniumLibrary">
<arg>20s</arg>
<doc>Sets the implicit wait value used by Selenium.</doc>
<status status="PASS" starttime="20220225 16:34:25.809" endtime="20220225 16:34:25.811"/>
</kw>
<kw name="Go To" library="SeleniumLibrary">
<arg>url=https://netbanking.hdfcbank.com/netbanking/IpinResetUsingOTP.htm</arg>
<doc>Navigates the current browser window to the provided ``url``.</doc>
<msg timestamp="20220225 16:34:25.811" level="INFO">Opening url 'https://netbanking.hdfcbank.com/netbanking/IpinResetUsingOTP.htm'</msg>
<status status="PASS" starttime="20220225 16:34:25.811" endtime="20220225 16:34:27.417"/>
</kw>
<kw name="Click Element" library="SeleniumLibrary">
<arg>xpath=//img[@alt='Go']</arg>
<doc>Click the element identified by ``locator``.</doc>
<msg timestamp="20220225 16:34:27.418" level="INFO">Clicking element 'xpath=//img[@alt='Go']'.</msg>
<status status="PASS" starttime="20220225 16:34:27.418" endtime="20220225 16:34:27.498"/>
</kw>
<kw name="Handle Alert" library="SeleniumLibrary">
<var>${alert_text}</var>
<arg>action=LEAVE</arg>
<doc>Handles the current alert and returns its message.</doc>
<msg timestamp="20220225 16:34:27.499" level="INFO">HANDLE::&lt;class 'NoneType'&gt;::None</msg>
<msg timestamp="20220225 16:34:27.502" level="INFO">${alert_text} = Customer ID  cannot be left blank.</msg>
<status status="PASS" starttime="20220225 16:34:27.498" endtime="20220225 16:34:27.502"/>
</kw>
<kw name="Log To Console" library="BuiltIn">
<arg>${alert_text}</arg>
<doc>Logs the given message to the console.</doc>
<status status="PASS" starttime="20220225 16:34:27.502" endtime="20220225 16:34:27.503"/>
</kw>
<status status="PASS" starttime="20220225 16:34:23.871" endtime="20220225 16:34:27.503"/>
</test>
<status status="PASS" starttime="20220225 16:34:23.580" endtime="20220225 16:34:27.505"/>
</suite>
<statistics>
<total>
<stat pass="1" fail="0" skip="0">All Tests</stat>
</total>
<tag>
</tag>
<suite>
<stat pass="1" fail="0" skip="0" id="s1" name="Demo9 Alert Suite">Demo9 Alert Suite</stat>
</suite>
</statistics>
<errors>
</errors>
</robot>
