<?xml version="1.0" encoding="UTF-8"?>
<robot generator="Robot 4.1.3 (Python 3.10.2 on win32)" generated="20220224 15:17:30.814" rpa="false" schemaversion="2">
<suite id="s1" name="Demo4 Gotomeet Suite" source="C:\Mine\Company\NCS2\robot_project\selenium_suite\demo4_gotomeet_suite.robot">
<test id="s1-t1" name="TC1">
<kw name="Open Browser" library="SeleniumLibrary">
<arg>browser=chrome</arg>
<arg>executable_path=${EXECDIR}${/}driver${/}chromedriver.exe</arg>
<doc>Opens a new browser instance to the optional ``url``.</doc>
<msg timestamp="20220224 15:17:31.126" level="INFO">Opening browser 'chrome' to base url 'None'.</msg>
<status status="PASS" starttime="20220224 15:17:31.126" endtime="20220224 15:17:33.239"/>
</kw>
<kw name="Maximize Browser Window" library="SeleniumLibrary">
<doc>Maximizes current browser window.</doc>
<status status="PASS" starttime="20220224 15:17:33.240" endtime="20220224 15:17:33.359"/>
</kw>
<kw name="Set Selenium Implicit Wait" library="SeleniumLibrary">
<arg>30s</arg>
<doc>Sets the implicit wait value used by Selenium.</doc>
<status status="PASS" starttime="20220224 15:17:33.360" endtime="20220224 15:17:33.378"/>
</kw>
<kw name="Go To" library="SeleniumLibrary">
<arg>url=https://www.goto.com/meeting</arg>
<doc>Navigates the current browser window to the provided ``url``.</doc>
<msg timestamp="20220224 15:17:33.379" level="INFO">Opening url 'https://www.goto.com/meeting'</msg>
<status status="PASS" starttime="20220224 15:17:33.378" endtime="20220224 15:17:37.674"/>
</kw>
<kw name="Click Element" library="SeleniumLibrary">
<arg>id=truste-consent-button</arg>
<doc>Click the element identified by ``locator``.</doc>
<msg timestamp="20220224 15:17:37.675" level="INFO">Clicking element 'id=truste-consent-button'.</msg>
<status status="PASS" starttime="20220224 15:17:37.675" endtime="20220224 15:17:37.762"/>
</kw>
<kw name="Click Element" library="SeleniumLibrary">
<arg>link=Try Free</arg>
<doc>Click the element identified by ``locator``.</doc>
<msg timestamp="20220224 15:17:37.763" level="INFO">Clicking element 'link=Try Free'.</msg>
<status status="PASS" starttime="20220224 15:17:37.762" endtime="20220224 15:17:39.254"/>
</kw>
<kw name="Input Text" library="SeleniumLibrary">
<arg>id=first-name</arg>
<arg>Balaji</arg>
<doc>Types the given ``text`` into the text field identified by ``locator``.</doc>
<msg timestamp="20220224 15:17:39.254" level="INFO">Typing text 'Balaji' into text field 'id=first-name'.</msg>
<status status="PASS" starttime="20220224 15:17:39.254" endtime="20220224 15:17:39.400"/>
</kw>
<kw name="Input Text" library="SeleniumLibrary">
<arg>id=last-name</arg>
<arg>Dina</arg>
<doc>Types the given ``text`` into the text field identified by ``locator``.</doc>
<msg timestamp="20220224 15:17:39.401" level="INFO">Typing text 'Dina' into text field 'id=last-name'.</msg>
<status status="PASS" starttime="20220224 15:17:39.401" endtime="20220224 15:17:39.504"/>
</kw>
<kw name="Input Text" library="SeleniumLibrary">
<arg>id=login__email</arg>
<arg>bala@g.com</arg>
<doc>Types the given ``text`` into the text field identified by ``locator``.</doc>
<msg timestamp="20220224 15:17:39.505" level="INFO">Typing text 'bala@g.com' into text field 'id=login__email'.</msg>
<status status="PASS" starttime="20220224 15:17:39.505" endtime="20220224 15:17:39.672"/>
</kw>
<kw name="Select From List By Label" library="SeleniumLibrary">
<arg>id=CompanySize</arg>
<arg>10 - 99</arg>
<doc>Selects options from selection list ``locator`` by ``labels``.</doc>
<msg timestamp="20220224 15:17:39.673" level="INFO">Selecting options from selection list 'id=CompanySize' by label 10 - 99.</msg>
<status status="PASS" starttime="20220224 15:17:39.673" endtime="20220224 15:17:39.775"/>
</kw>
<kw name="Click Element" library="SeleniumLibrary">
<arg>xpath=//button[text()='Start My Trial']</arg>
<doc>Click the element identified by ``locator``.</doc>
<msg timestamp="20220224 15:17:39.777" level="INFO">Clicking element 'xpath=//button[text()='Start My Trial']'.</msg>
<status status="PASS" starttime="20220224 15:17:39.776" endtime="20220224 15:17:39.895"/>
</kw>
<status status="PASS" starttime="20220224 15:17:31.124" endtime="20220224 15:17:39.896"/>
</test>
<status status="PASS" starttime="20220224 15:17:30.818" endtime="20220224 15:17:39.898"/>
</suite>
<statistics>
<total>
<stat pass="1" fail="0" skip="0">All Tests</stat>
</total>
<tag>
</tag>
<suite>
<stat pass="1" fail="0" skip="0" id="s1" name="Demo4 Gotomeet Suite">Demo4 Gotomeet Suite</stat>
</suite>
</statistics>
<errors>
</errors>
</robot>
