<?xml version="1.0" encoding="UTF-8"?>
<robot generator="Robot 4.1.3 (Python 3.10.2 on win32)" generated="20220223 17:31:35.622" rpa="false" schemaversion="2">
<suite id="s1" name="Demo1 Openemr Suite" source="C:\Mine\Company\NCS2\robot_project\selenium_suite\demo1_openemr_suite.robot">
<test id="s1-t1" name="TC1 Valid Login">
<kw name="Open Browser" library="SeleniumLibrary">
<arg>url=http://demo.openemr.io/b/openemr</arg>
<arg>browser=chrome</arg>
<arg>executable_path=${EXECDIR}${/}driver${/}chromedriver.exe</arg>
<doc>Opens a new browser instance to the optional ``url``.</doc>
<msg timestamp="20220223 17:31:35.861" level="INFO">Opening browser 'chrome' to base url 'http://demo.openemr.io/b/openemr'.</msg>
<status status="PASS" starttime="20220223 17:31:35.861" endtime="20220223 17:31:41.341"/>
</kw>
<kw name="Maximize Browser Window" library="SeleniumLibrary">
<doc>Maximizes current browser window.</doc>
<status status="PASS" starttime="20220223 17:31:41.342" endtime="20220223 17:31:41.460"/>
</kw>
<kw name="Input Text" library="SeleniumLibrary">
<arg>id=authUser</arg>
<arg>admin</arg>
<doc>Types the given ``text`` into the text field identified by ``locator``.</doc>
<msg timestamp="20220223 17:31:41.461" level="INFO">Typing text 'admin' into text field 'id=authUser'.</msg>
<status status="PASS" starttime="20220223 17:31:41.461" endtime="20220223 17:31:41.529"/>
</kw>
<kw name="Input Password" library="SeleniumLibrary">
<arg>id=clearPass</arg>
<arg>pass</arg>
<doc>Types the given password into the text field identified by ``locator``.</doc>
<msg timestamp="20220223 17:31:41.529" level="INFO">Typing password into text field 'id=clearPass'.</msg>
<msg timestamp="20220223 17:31:41.566" level="INFO">Temporally setting log level to: NONE</msg>
<msg timestamp="20220223 17:31:41.600" level="INFO">Log level changed from NONE to INFO.</msg>
<status status="PASS" starttime="20220223 17:31:41.529" endtime="20220223 17:31:41.600"/>
</kw>
<kw name="Select From List By Label" library="SeleniumLibrary">
<arg>name=languageChoice</arg>
<arg>English (Indian)</arg>
<doc>Selects options from selection list ``locator`` by ``labels``.</doc>
<msg timestamp="20220223 17:31:41.601" level="INFO">Selecting options from selection list 'name=languageChoice' by label English (Indian).</msg>
<status status="PASS" starttime="20220223 17:31:41.600" endtime="20220223 17:31:41.658"/>
</kw>
<kw name="Click Element" library="SeleniumLibrary">
<arg>xpath=//button[@type='submit']</arg>
<doc>Click the element identified by ``locator``.</doc>
<msg timestamp="20220223 17:31:41.659" level="INFO">Clicking element 'xpath=//button[@type='submit']'.</msg>
<status status="PASS" starttime="20220223 17:31:41.659" endtime="20220223 17:31:45.213"/>
</kw>
<status status="PASS" starttime="20220223 17:31:35.860" endtime="20220223 17:31:45.213"/>
</test>
<status status="PASS" starttime="20220223 17:31:35.623" endtime="20220223 17:31:45.216"/>
</suite>
<statistics>
<total>
<stat pass="1" fail="0" skip="0">All Tests</stat>
</total>
<tag>
</tag>
<suite>
<stat pass="1" fail="0" skip="0" id="s1" name="Demo1 Openemr Suite">Demo1 Openemr Suite</stat>
</suite>
</statistics>
<errors>
</errors>
</robot>
