<?xml version="1.0" encoding="UTF-8"?>
<robot generator="Robot 4.1.3 (Python 3.10.2 on win32)" generated="20220304 11:33:45.903" rpa="false" schemaversion="2">
<suite id="s1" name="Demo 22" source="C:\Mine\Company\NCS2\robot_project\selenium_suite\demo_22.robot">
<test id="s1-t1" name="TC1">
<kw name="Open Browser" library="SeleniumLibrary">
<arg>browser=gc</arg>
<arg>executable_path=${EXECDIR}${/}driver${/}chromedriver.exe</arg>
<doc>Opens a new browser instance to the optional ``url``.</doc>
<msg timestamp="20220304 11:33:46.154" level="INFO">Opening browser 'gc' to base url 'None'.</msg>
<status status="PASS" starttime="20220304 11:33:46.154" endtime="20220304 11:33:47.458"/>
</kw>
<kw name="Maximize Browser Window" library="SeleniumLibrary">
<doc>Maximizes current browser window.</doc>
<status status="PASS" starttime="20220304 11:33:47.458" endtime="20220304 11:33:47.583"/>
</kw>
<kw name="Set Selenium Implicit Wait" library="SeleniumLibrary">
<arg>30s</arg>
<doc>Sets the implicit wait value used by Selenium.</doc>
<status status="PASS" starttime="20220304 11:33:47.584" endtime="20220304 11:33:47.587"/>
</kw>
<kw name="Go To" library="SeleniumLibrary">
<arg>url=http://google.com</arg>
<doc>Navigates the current browser window to the provided ``url``.</doc>
<msg timestamp="20220304 11:33:47.588" level="INFO">Opening url 'http://google.com'</msg>
<status status="PASS" starttime="20220304 11:33:47.588" endtime="20220304 11:33:50.112"/>
</kw>
<kw name="Click Element" library="SeleniumLibrary">
<arg>link=Gmail</arg>
<doc>Click the element identified by ``locator``.</doc>
<msg timestamp="20220304 11:33:50.113" level="INFO">Clicking element 'link=Gmail'.</msg>
<status status="PASS" starttime="20220304 11:33:50.113" endtime="20220304 11:33:51.575"/>
</kw>
<kw name="Click Element" library="SeleniumLibrary">
<arg>link=For work</arg>
<doc>Click the element identified by ``locator``.</doc>
<msg timestamp="20220304 11:33:51.576" level="INFO">Clicking element 'link=For work'.</msg>
<status status="PASS" starttime="20220304 11:33:51.576" endtime="20220304 11:33:53.429"/>
</kw>
<kw name="Wait Until Page Contains Element" library="SeleniumLibrary">
<arg>link=Admin console</arg>
<arg>200s</arg>
<doc>Waits until the element ``locator`` appears on the current page.</doc>
<status status="PASS" starttime="20220304 11:33:53.429" endtime="20220304 11:33:53.489"/>
</kw>
<kw name="Click Element" library="SeleniumLibrary">
<arg>link=Admin console</arg>
<doc>Click the element identified by ``locator``.</doc>
<msg timestamp="20220304 11:33:53.490" level="INFO">Clicking element 'link=Admin console'.</msg>
<status status="PASS" starttime="20220304 11:33:53.490" endtime="20220304 11:33:53.623"/>
</kw>
<kw name="Close Browser" library="SeleniumLibrary" type="TEARDOWN">
<doc>Closes the current browser.</doc>
<status status="PASS" starttime="20220304 11:33:53.624" endtime="20220304 11:33:55.768"/>
</kw>
<status status="PASS" starttime="20220304 11:33:46.153" endtime="20220304 11:33:55.770"/>
</test>
<test id="s1-t2" name="TC2">
<kw name="Open Browser" library="SeleniumLibrary">
<arg>browser=gc</arg>
<arg>executable_path=${EXECDIR}${/}driver${/}chromedriver.exe</arg>
<doc>Opens a new browser instance to the optional ``url``.</doc>
<msg timestamp="20220304 11:33:55.780" level="INFO">Opening browser 'gc' to base url 'None'.</msg>
<status status="PASS" starttime="20220304 11:33:55.778" endtime="20220304 11:33:57.067"/>
</kw>
<kw name="Maximize Browser Window" library="SeleniumLibrary">
<doc>Maximizes current browser window.</doc>
<status status="PASS" starttime="20220304 11:33:57.067" endtime="20220304 11:33:57.191"/>
</kw>
<kw name="Set Selenium Implicit Wait" library="SeleniumLibrary">
<arg>30s</arg>
<doc>Sets the implicit wait value used by Selenium.</doc>
<status status="PASS" starttime="20220304 11:33:57.192" endtime="20220304 11:33:57.195"/>
</kw>
<kw name="Go To" library="SeleniumLibrary">
<arg>url=http://google.com</arg>
<doc>Navigates the current browser window to the provided ``url``.</doc>
<msg timestamp="20220304 11:33:57.196" level="INFO">Opening url 'http://google.com'</msg>
<status status="PASS" starttime="20220304 11:33:57.196" endtime="20220304 11:33:59.586"/>
</kw>
<kw name="Click Element" library="SeleniumLibrary">
<arg>link=Gmail</arg>
<doc>Click the element identified by ``locator``.</doc>
<msg timestamp="20220304 11:33:59.586" level="INFO">Clicking element 'link=Gmail'.</msg>
<status status="PASS" starttime="20220304 11:33:59.586" endtime="20220304 11:34:00.690"/>
</kw>
<kw name="Click Element" library="SeleniumLibrary">
<arg>link=For work</arg>
<doc>Click the element identified by ``locator``.</doc>
<msg timestamp="20220304 11:34:00.691" level="INFO">Clicking element 'link=For work'.</msg>
<status status="PASS" starttime="20220304 11:34:00.690" endtime="20220304 11:34:02.260"/>
</kw>
<kw name="Wait Until Page Contains" library="SeleniumLibrary">
<arg>text=Secure business email, and so much more</arg>
<arg>timeout=50s</arg>
<doc>Waits until ``text`` appears on the current page.</doc>
<status status="PASS" starttime="20220304 11:34:02.260" endtime="20220304 11:34:02.275"/>
</kw>
<kw name="Click Element" library="SeleniumLibrary">
<arg>link=Admin console</arg>
<doc>Click the element identified by ``locator``.</doc>
<msg timestamp="20220304 11:34:02.276" level="INFO">Clicking element 'link=Admin console'.</msg>
<status status="PASS" starttime="20220304 11:34:02.275" endtime="20220304 11:34:02.438"/>
</kw>
<kw name="Close Browser" library="SeleniumLibrary" type="TEARDOWN">
<doc>Closes the current browser.</doc>
<status status="PASS" starttime="20220304 11:34:02.438" endtime="20220304 11:34:04.586"/>
</kw>
<status status="PASS" starttime="20220304 11:33:55.775" endtime="20220304 11:34:04.588"/>
</test>
<status status="PASS" starttime="20220304 11:33:45.904" endtime="20220304 11:34:04.592"/>
</suite>
<statistics>
<total>
<stat pass="2" fail="0" skip="0">All Tests</stat>
</total>
<tag>
</tag>
<suite>
<stat pass="2" fail="0" skip="0" id="s1" name="Demo 22">Demo 22</stat>
</suite>
</statistics>
<errors>
</errors>
</robot>
