<?xml version="1.0" encoding="UTF-8"?>
<robot generator="Robot 4.1.3 (Python 3.10.2 on win32)" generated="20220228 14:45:17.420" rpa="false" schemaversion="2">
<suite id="s1" name="Demo15 Selenium Suite" source="C:\Mine\Company\NCS2\robot_project\selenium_suite\demo15_selenium_suite.robot">
<test id="s1-t1" name="TC">
<kw name="Open Browser" library="SeleniumLibrary">
<arg>url=https://phptravels.com/</arg>
<arg>browser=chrome</arg>
<arg>executable_path=${EXECDIR}${/}driver${/}chromedriver.exe</arg>
<doc>Opens a new browser instance to the optional ``url``.</doc>
<msg timestamp="20220228 14:45:17.678" level="INFO">Opening browser 'chrome' to base url 'https://phptravels.com/'.</msg>
<status status="PASS" starttime="20220228 14:45:17.678" endtime="20220228 14:45:22.423"/>
</kw>
<kw name="Maximize Browser Window" library="SeleniumLibrary">
<doc>Maximizes current browser window.</doc>
<status status="PASS" starttime="20220228 14:45:22.424" endtime="20220228 14:45:22.540"/>
</kw>
<kw name="Set Selenium Implicit Wait" library="SeleniumLibrary">
<arg>20s</arg>
<doc>Sets the implicit wait value used by Selenium.</doc>
<status status="PASS" starttime="20220228 14:45:22.542" endtime="20220228 14:45:22.545"/>
</kw>
<kw name="Click Element" library="SeleniumLibrary">
<arg>xpath=//a[text()='Sign up']</arg>
<doc>Click the element identified by ``locator``.</doc>
<msg timestamp="20220228 14:45:22.547" level="INFO">Clicking element 'xpath=//a[text()='Sign up']'.</msg>
<status status="PASS" starttime="20220228 14:45:22.545" endtime="20220228 14:45:22.684"/>
</kw>
<kw name="Switch Window" library="SeleniumLibrary">
<arg>NEW</arg>
<doc>Switches to browser window matching ``locator``.</doc>
<status status="PASS" starttime="20220228 14:45:22.684" endtime="20220228 14:45:22.694"/>
</kw>
<kw name="Input Text" library="SeleniumLibrary">
<arg>id=inputFirstName</arg>
<arg>John</arg>
<doc>Types the given ``text`` into the text field identified by ``locator``.</doc>
<msg timestamp="20220228 14:45:22.694" level="INFO">Typing text 'John' into text field 'id=inputFirstName'.</msg>
<status status="PASS" starttime="20220228 14:45:22.694" endtime="20220228 14:45:26.585"/>
</kw>
<kw name="Input Text" library="SeleniumLibrary">
<arg>id=inputLastName</arg>
<arg>Desuza</arg>
<doc>Types the given ``text`` into the text field identified by ``locator``.</doc>
<msg timestamp="20220228 14:45:26.586" level="INFO">Typing text 'Desuza' into text field 'id=inputLastName'.</msg>
<status status="PASS" starttime="20220228 14:45:26.586" endtime="20220228 14:45:26.675"/>
</kw>
<kw name="Input Text" library="SeleniumLibrary">
<arg>id=inputEmail</arg>
<arg>john12@gmail.com</arg>
<doc>Types the given ``text`` into the text field identified by ``locator``.</doc>
<msg timestamp="20220228 14:45:26.676" level="INFO">Typing text 'john12@gmail.com' into text field 'id=inputEmail'.</msg>
<status status="PASS" starttime="20220228 14:45:26.676" endtime="20220228 14:45:26.769"/>
</kw>
<kw name="Input Text" library="SeleniumLibrary">
<arg>id=inputPhone</arg>
<arg>9819819254</arg>
<doc>Types the given ``text`` into the text field identified by ``locator``.</doc>
<msg timestamp="20220228 14:45:26.770" level="INFO">Typing text '9819819254' into text field 'id=inputPhone'.</msg>
<status status="PASS" starttime="20220228 14:45:26.770" endtime="20220228 14:45:26.863"/>
</kw>
<kw name="Input Text" library="SeleniumLibrary">
<arg>id=inputCompanyName</arg>
<arg>NCS</arg>
<doc>Types the given ``text`` into the text field identified by ``locator``.</doc>
<msg timestamp="20220228 14:45:26.864" level="INFO">Typing text 'NCS' into text field 'id=inputCompanyName'.</msg>
<status status="PASS" starttime="20220228 14:45:26.863" endtime="20220228 14:45:26.950"/>
</kw>
<kw name="Input Text" library="SeleniumLibrary">
<arg>id=inputAddress1</arg>
<arg>Pune</arg>
<doc>Types the given ``text`` into the text field identified by ``locator``.</doc>
<msg timestamp="20220228 14:45:26.952" level="INFO">Typing text 'Pune' into text field 'id=inputAddress1'.</msg>
<status status="PASS" starttime="20220228 14:45:26.951" endtime="20220228 14:45:27.031"/>
</kw>
<kw name="Input Text" library="SeleniumLibrary">
<arg>id=inputAddress2</arg>
<arg>Hinjewadi</arg>
<doc>Types the given ``text`` into the text field identified by ``locator``.</doc>
<msg timestamp="20220228 14:45:27.032" level="INFO">Typing text 'Hinjewadi' into text field 'id=inputAddress2'.</msg>
<status status="PASS" starttime="20220228 14:45:27.031" endtime="20220228 14:45:27.120"/>
</kw>
<kw name="Input Text" library="SeleniumLibrary">
<arg>id=inputCity</arg>
<arg>Pune</arg>
<doc>Types the given ``text`` into the text field identified by ``locator``.</doc>
<msg timestamp="20220228 14:45:27.121" level="INFO">Typing text 'Pune' into text field 'id=inputCity'.</msg>
<status status="PASS" starttime="20220228 14:45:27.121" endtime="20220228 14:45:27.231"/>
</kw>
<kw name="Input Text" library="SeleniumLibrary">
<arg>id=stateinput</arg>
<arg>Maharashtra</arg>
<doc>Types the given ``text`` into the text field identified by ``locator``.</doc>
<msg timestamp="20220228 14:45:27.231" level="INFO">Typing text 'Maharashtra' into text field 'id=stateinput'.</msg>
<status status="PASS" starttime="20220228 14:45:27.231" endtime="20220228 14:45:27.315"/>
</kw>
<kw name="Input Text" library="SeleniumLibrary">
<arg>id=inputPostcode</arg>
<arg>411057</arg>
<doc>Types the given ``text`` into the text field identified by ``locator``.</doc>
<msg timestamp="20220228 14:45:27.316" level="INFO">Typing text '411057' into text field 'id=inputPostcode'.</msg>
<status status="PASS" starttime="20220228 14:45:27.316" endtime="20220228 14:45:27.392"/>
</kw>
<kw name="Select From List By Label" library="SeleniumLibrary">
<arg>id=inputCountry</arg>
<arg>India</arg>
<doc>Selects options from selection list ``locator`` by ``labels``.</doc>
<msg timestamp="20220228 14:45:27.393" level="INFO">Selecting options from selection list 'id=inputCountry' by label India.</msg>
<status status="PASS" starttime="20220228 14:45:27.392" endtime="20220228 14:45:27.464"/>
</kw>
<kw name="Click Element" library="SeleniumLibrary">
<arg>xpath=//input[@type='submit']</arg>
<doc>Click the element identified by ``locator``.</doc>
<msg timestamp="20220228 14:45:27.465" level="INFO">Clicking element 'xpath=//input[@type='submit']'.</msg>
<status status="PASS" starttime="20220228 14:45:27.465" endtime="20220228 14:45:28.700"/>
</kw>
<kw name="Get Text" library="SeleniumLibrary">
<var>${alert}</var>
<arg>xpath=//div[@class='alert alert-danger']</arg>
<doc>Returns the text value of the element identified by ``locator``.</doc>
<msg timestamp="20220228 14:45:28.733" level="INFO">${alert} = The following errors occurred:
You did not enter a password
Please complete the captcha and try again.</msg>
<status status="PASS" starttime="20220228 14:45:28.701" endtime="20220228 14:45:28.733"/>
</kw>
<kw name="Log To Console" library="BuiltIn">
<arg>${alert}</arg>
<doc>Logs the given message to the console.</doc>
<status status="PASS" starttime="20220228 14:45:28.734" endtime="20220228 14:45:28.735"/>
</kw>
<status status="PASS" starttime="20220228 14:45:17.677" endtime="20220228 14:45:28.736"/>
</test>
<status status="PASS" starttime="20220228 14:45:17.421" endtime="20220228 14:45:28.737"/>
</suite>
<statistics>
<total>
<stat pass="1" fail="0" skip="0">All Tests</stat>
</total>
<tag>
</tag>
<suite>
<stat pass="1" fail="0" skip="0" id="s1" name="Demo15 Selenium Suite">Demo15 Selenium Suite</stat>
</suite>
</statistics>
<errors>
</errors>
</robot>
