<?xml version="1.0" encoding="UTF-8"?>
<robot generator="Robot 4.1.3 (Python 3.10.2 on win32)" generated="20220225 10:06:14.689" rpa="false" schemaversion="2">
<suite id="s1" name="Demo6 Salesforce Suite" source="C:\Mine\Company\NCS2\robot_project\selenium_suite\demo6_salesforce_suite.robot">
<test id="s1-t1" name="TC1">
<kw name="Open Browser" library="SeleniumLibrary">
<arg>browser=chrome</arg>
<arg>executable_path=${EXECDIR}${/}driver${/}chromedriver.exe</arg>
<doc>Opens a new browser instance to the optional ``url``.</doc>
<msg timestamp="20220225 10:06:14.957" level="INFO">Opening browser 'chrome' to base url 'None'.</msg>
<status status="PASS" starttime="20220225 10:06:14.957" endtime="20220225 10:06:16.225"/>
</kw>
<kw name="Maximize Browser Window" library="SeleniumLibrary">
<doc>Maximizes current browser window.</doc>
<status status="PASS" starttime="20220225 10:06:16.226" endtime="20220225 10:06:16.346"/>
</kw>
<kw name="Set Selenium Implicit Wait" library="SeleniumLibrary">
<arg>30s</arg>
<doc>Sets the implicit wait value used by Selenium.</doc>
<status status="PASS" starttime="20220225 10:06:16.346" endtime="20220225 10:06:16.348"/>
</kw>
<kw name="Go To" library="SeleniumLibrary">
<arg>url=https://www.salesforce.com/in/form/signup/freetrial-sales/</arg>
<doc>Navigates the current browser window to the provided ``url``.</doc>
<msg timestamp="20220225 10:06:16.348" level="INFO">Opening url 'https://www.salesforce.com/in/form/signup/freetrial-sales/'</msg>
<status status="PASS" starttime="20220225 10:06:16.348" endtime="20220225 10:06:19.965"/>
</kw>
<kw name="Input Text" library="SeleniumLibrary">
<arg>name=UserFirstName</arg>
<arg>bala</arg>
<doc>Types the given ``text`` into the text field identified by ``locator``.</doc>
<msg timestamp="20220225 10:06:19.967" level="INFO">Typing text 'bala' into text field 'name=UserFirstName'.</msg>
<status status="PASS" starttime="20220225 10:06:19.966" endtime="20220225 10:06:20.399"/>
</kw>
<kw name="Input Text" library="SeleniumLibrary">
<arg>xpath=//input[contains(@id,'UserLast')]</arg>
<arg>Dina</arg>
<doc>Types the given ``text`` into the text field identified by ``locator``.</doc>
<msg timestamp="20220225 10:06:20.400" level="INFO">Typing text 'Dina' into text field 'xpath=//input[contains(@id,'UserLast')]'.</msg>
<status status="PASS" starttime="20220225 10:06:20.400" endtime="20220225 10:06:20.618"/>
</kw>
<kw name="Input Text" library="SeleniumLibrary">
<arg>name=UserEmail</arg>
<arg>bala@ncs.com</arg>
<doc>Types the given ``text`` into the text field identified by ``locator``.</doc>
<msg timestamp="20220225 10:06:20.618" level="INFO">Typing text 'bala@ncs.com' into text field 'name=UserEmail'.</msg>
<status status="PASS" starttime="20220225 10:06:20.618" endtime="20220225 10:06:20.799"/>
</kw>
<kw name="Select From List By Label" library="SeleniumLibrary">
<arg>name=UserTitle</arg>
<arg>IT Manager</arg>
<doc>Selects options from selection list ``locator`` by ``labels``.</doc>
<msg timestamp="20220225 10:06:20.801" level="INFO">Selecting options from selection list 'name=UserTitle' by label IT Manager.</msg>
<status status="PASS" starttime="20220225 10:06:20.800" endtime="20220225 10:06:20.897"/>
</kw>
<kw name="Input Text" library="SeleniumLibrary">
<arg>name=CompanyName</arg>
<arg>NCS</arg>
<doc>Types the given ``text`` into the text field identified by ``locator``.</doc>
<msg timestamp="20220225 10:06:20.898" level="INFO">Typing text 'NCS' into text field 'name=CompanyName'.</msg>
<status status="PASS" starttime="20220225 10:06:20.898" endtime="20220225 10:06:21.013"/>
</kw>
<kw name="Select From List By Label" library="SeleniumLibrary">
<arg>xpath=//select[contains(@id,'CompanyCountry')]</arg>
<arg>United Kingdom</arg>
<doc>Selects options from selection list ``locator`` by ``labels``.</doc>
<msg timestamp="20220225 10:06:21.015" level="INFO">Selecting options from selection list 'xpath=//select[contains(@id,'CompanyCountry')]' by label United Kingdom.</msg>
<status status="PASS" starttime="20220225 10:06:21.014" endtime="20220225 10:06:21.119"/>
</kw>
<kw name="Select From List By Value" library="SeleniumLibrary">
<arg>name=CompanyEmployees</arg>
<arg>950</arg>
<doc>Selects options from selection list ``locator`` by ``values``.</doc>
<msg timestamp="20220225 10:06:21.120" level="INFO">Selecting options from selection list 'name=CompanyEmployees' by value 950.</msg>
<status status="PASS" starttime="20220225 10:06:21.119" endtime="20220225 10:06:21.210"/>
</kw>
<kw name="Click Element" library="SeleniumLibrary">
<arg>xpath=//div[@class='checkbox-ui']</arg>
<doc>Click the element identified by ``locator``.</doc>
<msg timestamp="20220225 10:06:21.211" level="INFO">Clicking element 'xpath=//div[@class='checkbox-ui']'.</msg>
<status status="PASS" starttime="20220225 10:06:21.211" endtime="20220225 10:06:21.302"/>
</kw>
<kw name="Click Element" library="SeleniumLibrary">
<arg>xpath=//button[text()='start my free trial']</arg>
<doc>Click the element identified by ``locator``.</doc>
<msg timestamp="20220225 10:06:21.304" level="INFO">Clicking element 'xpath=//button[text()='start my free trial']'.</msg>
<status status="PASS" starttime="20220225 10:06:21.303" endtime="20220225 10:06:21.412"/>
</kw>
<kw name="Element Text Should Be" library="SeleniumLibrary">
<arg>//span[contains(@id,'UserPhone')]</arg>
<arg>Enter a valid phone number</arg>
<doc>Verifies that element ``locator`` contains exact the text ``expected``.</doc>
<msg timestamp="20220225 10:06:21.413" level="INFO">Verifying element '//span[contains(@id,'UserPhone')]' contains exact text 'Enter a valid phone number'.</msg>
<status status="PASS" starttime="20220225 10:06:21.412" endtime="20220225 10:06:21.439"/>
</kw>
<kw name="Element Should Contain" library="SeleniumLibrary">
<arg>//span[contains(@id,'UserPhone')]</arg>
<arg>valid phone number</arg>
<doc>Verifies that element ``locator`` contains text ``expected``.</doc>
<msg timestamp="20220225 10:06:21.451" level="INFO">Element '//span[contains(@id,'UserPhone')]' contains text 'valid phone number'.</msg>
<status status="PASS" starttime="20220225 10:06:21.439" endtime="20220225 10:06:21.451"/>
</kw>
<kw name="Close Browser" library="SeleniumLibrary" type="TEARDOWN">
<doc>Closes the current browser.</doc>
<status status="PASS" starttime="20220225 10:06:21.452" endtime="20220225 10:06:23.582"/>
</kw>
<status status="PASS" starttime="20220225 10:06:14.956" endtime="20220225 10:06:23.583"/>
</test>
<status status="PASS" starttime="20220225 10:06:14.691" endtime="20220225 10:06:23.586"/>
</suite>
<statistics>
<total>
<stat pass="1" fail="0" skip="0">All Tests</stat>
</total>
<tag>
</tag>
<suite>
<stat pass="1" fail="0" skip="0" id="s1" name="Demo6 Salesforce Suite">Demo6 Salesforce Suite</stat>
</suite>
</statistics>
<errors>
</errors>
</robot>
