<?xml version="1.0" encoding="UTF-8"?>
<robot generator="Robot 4.1.3 (Python 3.10.2 on win32)" generated="20220223 10:41:36.887" rpa="false" schemaversion="2">
<suite id="s1" name="Demo1 Suite" source="C:\Mine\Company\NCS2\robot_project\robot_suite1\demo1_suite.robot">
<test id="s1-t1" name="TC1 Print Name">
<kw name="Log To Console" library="BuiltIn">
<arg>Balaji Dinakaran</arg>
<doc>Logs the given message to the console.</doc>
<status status="PASS" starttime="20220223 10:41:36.916" endtime="20220223 10:41:36.916"/>
</kw>
<kw name="Log To Console" library="BuiltIn">
<arg>Hello</arg>
<doc>Logs the given message to the console.</doc>
<status status="PASS" starttime="20220223 10:41:36.916" endtime="20220223 10:41:36.917"/>
</kw>
<status status="PASS" starttime="20220223 10:41:36.915" endtime="20220223 10:41:36.917"/>
</test>
<status status="PASS" starttime="20220223 10:41:36.888" endtime="20220223 10:41:36.919"/>
</suite>
<statistics>
<total>
<stat pass="1" fail="0" skip="0">All Tests</stat>
</total>
<tag>
</tag>
<suite>
<stat pass="1" fail="0" skip="0" id="s1" name="Demo1 Suite">Demo1 Suite</stat>
</suite>
</statistics>
<errors>
</errors>
</robot>
