<?xml version="1.0" encoding="UTF-8"?>
<robot generator="Robot 4.1.3 (Python 3.10.2 on win32)" generated="20220223 15:10:17.019" rpa="false" schemaversion="2">
<suite id="s1" name="Demo1 Suite" source="C:\Mine\Company\NCS2\robot_project\robot_suite\demo1_suite.robot">
<test id="s1-t1" name="TC10">
<kw name="Set Local Variable" library="BuiltIn">
<arg>${browser}</arg>
<arg>ch</arg>
<doc>Makes a variable available everywhere within the local scope.</doc>
<msg timestamp="20220223 15:10:17.057" level="INFO">${browser} = ch</msg>
<status status="PASS" starttime="20220223 15:10:17.056" endtime="20220223 15:10:17.057"/>
</kw>
<if>
<branch type="IF" condition="'${browser}' == 'ch'">
<kw name="Log To Console" library="BuiltIn">
<arg>Chrome</arg>
<doc>Logs the given message to the console.</doc>
<status status="PASS" starttime="20220223 15:10:17.058" endtime="20220223 15:10:17.058"/>
</kw>
<status status="PASS" starttime="20220223 15:10:17.058" endtime="20220223 15:10:17.058"/>
</branch>
<branch type="ELSE IF" condition="'${browser}' == 'ff'">
<kw name="Log To Console" library="BuiltIn">
<arg>Firefox</arg>
<doc>Logs the given message to the console.</doc>
<status status="NOT RUN" starttime="20220223 15:10:17.058" endtime="20220223 15:10:17.058"/>
</kw>
<status status="NOT RUN" starttime="20220223 15:10:17.058" endtime="20220223 15:10:17.059"/>
</branch>
<branch type="ELSE">
<kw name="Log To Console" library="BuiltIn">
<arg>Edge</arg>
<doc>Logs the given message to the console.</doc>
<status status="NOT RUN" starttime="20220223 15:10:17.059" endtime="20220223 15:10:17.059"/>
</kw>
<status status="NOT RUN" starttime="20220223 15:10:17.059" endtime="20220223 15:10:17.059"/>
</branch>
<status status="PASS" starttime="20220223 15:10:17.058" endtime="20220223 15:10:17.059"/>
</if>
<status status="PASS" starttime="20220223 15:10:17.056" endtime="20220223 15:10:17.059"/>
</test>
<status status="PASS" starttime="20220223 15:10:17.022" endtime="20220223 15:10:17.060"/>
</suite>
<statistics>
<total>
<stat pass="1" fail="0" skip="0">All Tests</stat>
</total>
<tag>
</tag>
<suite>
<stat pass="1" fail="0" skip="0" id="s1" name="Demo1 Suite">Demo1 Suite</stat>
</suite>
</statistics>
<errors>
</errors>
</robot>
