<?xml version="1.0" encoding="UTF-8"?>
<robot generator="Robot 4.1.3 (Python 3.10.2 on win32)" generated="20220228 11:35:15.538" rpa="false" schemaversion="2">
<suite id="s1" name="Demo2 Suite" source="C:\Mine\Company\NCS2\robot_project\robot_suite\demo2_suite.robot">
<test id="s1-t1" name="TC7">
<kw name="Log To Console" library="BuiltIn">
<arg>${MY_DETAIL}[name]</arg>
<doc>Logs the given message to the console.</doc>
<status status="PASS" starttime="20220228 11:35:15.566" endtime="20220228 11:35:15.567"/>
</kw>
<kw name="Log To Console" library="BuiltIn">
<arg>${MY_DETAIL}[profession]</arg>
<doc>Logs the given message to the console.</doc>
<status status="PASS" starttime="20220228 11:35:15.567" endtime="20220228 11:35:15.568"/>
</kw>
<kw name="Log To Console" library="BuiltIn">
<arg>${MY_DETAIL}[salary]</arg>
<doc>Logs the given message to the console.</doc>
<status status="PASS" starttime="20220228 11:35:15.568" endtime="20220228 11:35:15.568"/>
</kw>
<status status="PASS" starttime="20220228 11:35:15.566" endtime="20220228 11:35:15.569"/>
</test>
<status status="PASS" starttime="20220228 11:35:15.539" endtime="20220228 11:35:15.570"/>
</suite>
<statistics>
<total>
<stat pass="1" fail="0" skip="0">All Tests</stat>
</total>
<tag>
</tag>
<suite>
<stat pass="1" fail="0" skip="0" id="s1" name="Demo2 Suite">Demo2 Suite</stat>
</suite>
</statistics>
<errors>
</errors>
</robot>
