<?xml version="1.0" encoding="UTF-8"?>
<robot generator="Robot 4.1.3 (Python 3.10.2 on win32)" generated="20220225 15:21:23.549" rpa="false" schemaversion="2">
<suite id="s1" name="Demo8 Multiple Tabs Suite" source="C:\Mine\Company\NCS2\robot_project\selenium_suite\demo8_multiple_tabs_suite.robot">
<test id="s1-t1" name="TC4">
<kw name="Open Browser" library="SeleniumLibrary">
<arg>browser=gc</arg>
<arg>executable_path=${EXECDIR}${/}driver${/}chromedriver.exe</arg>
<doc>Opens a new browser instance to the optional ``url``.</doc>
<msg timestamp="20220225 15:21:23.869" level="INFO">Opening browser 'gc' to base url 'None'.</msg>
<status status="PASS" starttime="20220225 15:21:23.869" endtime="20220225 15:21:25.361"/>
</kw>
<kw name="Maximize Browser Window" library="SeleniumLibrary">
<doc>Maximizes current browser window.</doc>
<status status="PASS" starttime="20220225 15:21:25.362" endtime="20220225 15:21:25.581"/>
</kw>
<kw name="Set Selenium Implicit Wait" library="SeleniumLibrary">
<arg>20s</arg>
<doc>Sets the implicit wait value used by Selenium.</doc>
<status status="PASS" starttime="20220225 15:21:25.582" endtime="20220225 15:21:25.583"/>
</kw>
<kw name="Go To" library="SeleniumLibrary">
<arg>url=https://www.online.citibank.co.in/</arg>
<doc>Navigates the current browser window to the provided ``url``.</doc>
<msg timestamp="20220225 15:21:25.584" level="INFO">Opening url 'https://www.online.citibank.co.in/'</msg>
<status status="PASS" starttime="20220225 15:21:25.584" endtime="20220225 15:21:28.234"/>
</kw>
<kw name="Click Element" library="SeleniumLibrary">
<arg>link=APPLY FOR CREDIT CARDS</arg>
<doc>Click the element identified by ``locator``.</doc>
<msg timestamp="20220225 15:21:28.236" level="INFO">Clicking element 'link=APPLY FOR CREDIT CARDS'.</msg>
<status status="PASS" starttime="20220225 15:21:28.235" endtime="20220225 15:21:28.467"/>
</kw>
<kw name="Click Element" library="SeleniumLibrary">
<arg>xpath=//span[text()='Login']</arg>
<doc>Click the element identified by ``locator``.</doc>
<msg timestamp="20220225 15:21:28.468" level="INFO">Clicking element 'xpath=//span[text()='Login']'.</msg>
<status status="PASS" starttime="20220225 15:21:28.468" endtime="20220225 15:21:28.592"/>
</kw>
<kw name="Switch Window" library="SeleniumLibrary">
<arg>Online Credit Card Application Form | Citi India</arg>
<doc>Switches to browser window matching ``locator``.</doc>
<status status="PASS" starttime="20220225 15:21:28.594" endtime="20220225 15:21:32.748"/>
</kw>
<kw name="Close Window" library="SeleniumLibrary">
<doc>Closes currently opened and selected browser window/tab.</doc>
<status status="PASS" starttime="20220225 15:21:32.748" endtime="20220225 15:21:32.815"/>
</kw>
<kw name="Switch Window" library="SeleniumLibrary">
<arg>Citibank India</arg>
<doc>Switches to browser window matching ``locator``.</doc>
<status status="PASS" starttime="20220225 15:21:32.816" endtime="20220225 15:21:32.927"/>
</kw>
<kw name="Close Window" library="SeleniumLibrary">
<doc>Closes currently opened and selected browser window/tab.</doc>
<status status="PASS" starttime="20220225 15:21:32.928" endtime="20220225 15:21:32.964"/>
</kw>
<status status="PASS" starttime="20220225 15:21:23.868" endtime="20220225 15:21:32.965"/>
</test>
<status status="PASS" starttime="20220225 15:21:23.552" endtime="20220225 15:21:32.967"/>
</suite>
<statistics>
<total>
<stat pass="1" fail="0" skip="0">All Tests</stat>
</total>
<tag>
</tag>
<suite>
<stat pass="1" fail="0" skip="0" id="s1" name="Demo8 Multiple Tabs Suite">Demo8 Multiple Tabs Suite</stat>
</suite>
</statistics>
<errors>
</errors>
</robot>
