<?xml version="1.0" encoding="UTF-8"?>
<robot generator="Robot 4.1.3 (Python 3.10.2 on win32)" generated="20220228 15:40:21.227" rpa="false" schemaversion="2">
<suite id="s1" name="Demo14 Frame Suite" source="C:\Mine\Company\NCS2\robot_project\selenium_suite\demo14_frame_suite.robot">
<test id="s1-t1" name="TC1 Valid Login">
<kw name="Open Browser" library="SeleniumLibrary">
<arg>browser=chrome</arg>
<arg>executable_path=${EXECDIR}${/}driver${/}chromedriver.exe</arg>
<doc>Opens a new browser instance to the optional ``url``.</doc>
<msg timestamp="20220228 15:40:21.511" level="INFO">Opening browser 'chrome' to base url 'None'.</msg>
<status status="PASS" starttime="20220228 15:40:21.511" endtime="20220228 15:40:22.919"/>
</kw>
<kw name="Maximize Browser Window" library="SeleniumLibrary">
<doc>Maximizes current browser window.</doc>
<status status="PASS" starttime="20220228 15:40:22.919" endtime="20220228 15:40:23.037"/>
</kw>
<kw name="Set Selenium Implicit Wait" library="SeleniumLibrary">
<arg>30s</arg>
<doc>Sets the implicit wait value used by Selenium.</doc>
<status status="PASS" starttime="20220228 15:40:23.037" endtime="20220228 15:40:23.042"/>
</kw>
<kw name="Go To" library="SeleniumLibrary">
<arg>url=http://demo.openemr.io/b/openemr</arg>
<doc>Navigates the current browser window to the provided ``url``.</doc>
<msg timestamp="20220228 15:40:23.044" level="INFO">Opening url 'http://demo.openemr.io/b/openemr'</msg>
<status status="PASS" starttime="20220228 15:40:23.044" endtime="20220228 15:40:26.266"/>
</kw>
<kw name="Input Text" library="SeleniumLibrary">
<arg>id=authUser</arg>
<arg>admin</arg>
<doc>Types the given ``text`` into the text field identified by ``locator``.</doc>
<msg timestamp="20220228 15:40:26.267" level="INFO">Typing text 'admin' into text field 'id=authUser'.</msg>
<status status="PASS" starttime="20220228 15:40:26.266" endtime="20220228 15:40:26.344"/>
</kw>
<kw name="Input Password" library="SeleniumLibrary">
<arg>id=clearPass</arg>
<arg>pass</arg>
<doc>Types the given password into the text field identified by ``locator``.</doc>
<msg timestamp="20220228 15:40:26.345" level="INFO">Typing password into text field 'id=clearPass'.</msg>
<msg timestamp="20220228 15:40:26.380" level="INFO">Temporally setting log level to: NONE</msg>
<msg timestamp="20220228 15:40:26.416" level="INFO">Log level changed from NONE to INFO.</msg>
<status status="PASS" starttime="20220228 15:40:26.344" endtime="20220228 15:40:26.416"/>
</kw>
<kw name="Select From List By Label" library="SeleniumLibrary">
<arg>name=languageChoice</arg>
<arg>English (Indian)</arg>
<doc>Selects options from selection list ``locator`` by ``labels``.</doc>
<msg timestamp="20220228 15:40:26.417" level="INFO">Selecting options from selection list 'name=languageChoice' by label English (Indian).</msg>
<status status="PASS" starttime="20220228 15:40:26.417" endtime="20220228 15:40:26.488"/>
</kw>
<kw name="Click Element" library="SeleniumLibrary">
<arg>xpath=//button[@type='submit']</arg>
<doc>Click the element identified by ``locator``.</doc>
<msg timestamp="20220228 15:40:26.488" level="INFO">Clicking element 'xpath=//button[@type='submit']'.</msg>
<status status="PASS" starttime="20220228 15:40:26.488" endtime="20220228 15:40:30.537"/>
</kw>
<kw name="Click Element" library="SeleniumLibrary">
<arg>xpath=//div[text()='Messages']</arg>
<doc>Click the element identified by ``locator``.</doc>
<msg timestamp="20220228 15:40:30.538" level="INFO">Clicking element 'xpath=//div[text()='Messages']'.</msg>
<status status="PASS" starttime="20220228 15:40:30.537" endtime="20220228 15:40:30.625"/>
</kw>
<kw name="Select Frame" library="SeleniumLibrary">
<arg>xpath=//iframe[@name='msg']</arg>
<doc>Sets frame identified by ``locator`` as the current frame.</doc>
<msg timestamp="20220228 15:40:30.627" level="INFO">Selecting frame 'xpath=//iframe[@name='msg']'.</msg>
<status status="PASS" starttime="20220228 15:40:30.627" endtime="20220228 15:40:31.274"/>
</kw>
<kw name="Click Element" library="SeleniumLibrary">
<arg>xpath=//a[text()='Add New']</arg>
<doc>Click the element identified by ``locator``.</doc>
<msg timestamp="20220228 15:40:31.276" level="INFO">Clicking element 'xpath=//a[text()='Add New']'.</msg>
<status status="PASS" starttime="20220228 15:40:31.276" endtime="20220228 15:40:32.014"/>
</kw>
<kw name="Select From List By Label" library="SeleniumLibrary">
<arg>id=form_note_type</arg>
<arg>Pharmacy</arg>
<doc>Selects options from selection list ``locator`` by ``labels``.</doc>
<msg timestamp="20220228 15:40:32.015" level="INFO">Selecting options from selection list 'id=form_note_type' by label Pharmacy.</msg>
<status status="PASS" starttime="20220228 15:40:32.015" endtime="20220228 15:40:32.087"/>
</kw>
<kw name="Select From List By Label" library="SeleniumLibrary">
<arg>id=form_message_status</arg>
<arg>New</arg>
<doc>Selects options from selection list ``locator`` by ``labels``.</doc>
<msg timestamp="20220228 15:40:32.088" level="INFO">Selecting options from selection list 'id=form_message_status' by label New.</msg>
<status status="PASS" starttime="20220228 15:40:32.088" endtime="20220228 15:40:32.137"/>
</kw>
<kw name="Select From List By Index" library="SeleniumLibrary">
<arg>id=users</arg>
<arg>1</arg>
<doc>Selects options from selection list ``locator`` by ``indexes``.</doc>
<msg timestamp="20220228 15:40:32.137" level="INFO">Selecting options from selection list 'id=users' by index 1.</msg>
<status status="PASS" starttime="20220228 15:40:32.137" endtime="20220228 15:40:32.230"/>
</kw>
<kw name="Input Text" library="SeleniumLibrary">
<arg>id=note</arg>
<arg>Hello, how are you?</arg>
<doc>Types the given ``text`` into the text field identified by ``locator``.</doc>
<msg timestamp="20220228 15:40:32.231" level="INFO">Typing text 'Hello, how are you?' into text field 'id=note'.</msg>
<status status="PASS" starttime="20220228 15:40:32.230" endtime="20220228 15:40:32.352"/>
</kw>
<kw name="Click Element" library="SeleniumLibrary">
<arg>id=cancel</arg>
<doc>Click the element identified by ``locator``.</doc>
<msg timestamp="20220228 15:40:32.353" level="INFO">Clicking element 'id=cancel'.</msg>
<status status="PASS" starttime="20220228 15:40:32.353" endtime="20220228 15:40:33.133"/>
</kw>
<kw name="Element Should Be Visible" library="SeleniumLibrary">
<arg>//a[text()='Add New']</arg>
<doc>Verifies that the element identified by ``locator`` is visible.</doc>
<msg timestamp="20220228 15:40:33.167" level="INFO">Element '//a[text()='Add New']' is displayed.</msg>
<status status="PASS" starttime="20220228 15:40:33.134" endtime="20220228 15:40:33.167"/>
</kw>
<kw name="Unselect Frame" library="SeleniumLibrary">
<doc>Sets the main frame as the current frame.</doc>
<status status="PASS" starttime="20220228 15:40:33.168" endtime="20220228 15:40:33.171"/>
</kw>
<kw name="Close Browser" library="SeleniumLibrary" type="TEARDOWN">
<doc>Closes the current browser.</doc>
<status status="PASS" starttime="20220228 15:40:33.172" endtime="20220228 15:40:35.397"/>
</kw>
<status status="PASS" starttime="20220228 15:40:21.511" endtime="20220228 15:40:35.398"/>
</test>
<status status="PASS" starttime="20220228 15:40:21.229" endtime="20220228 15:40:35.400"/>
</suite>
<statistics>
<total>
<stat pass="1" fail="0" skip="0">All Tests</stat>
</total>
<tag>
</tag>
<suite>
<stat pass="1" fail="0" skip="0" id="s1" name="Demo14 Frame Suite">Demo14 Frame Suite</stat>
</suite>
</statistics>
<errors>
</errors>
</robot>
