<?xml version="1.0" encoding="UTF-8"?>
<robot generator="Robot 4.1.3 (Python 3.10.2 on win32)" generated="20220224 12:36:39.783" rpa="false" schemaversion="2">
<suite id="s1" name="Demo2 Orangehrm Suite" source="C:\Mine\Company\NCS2\robot_project\selenium_suite\demo2_orangehrm_suite.robot">
<test id="s1-t1" name="TC2">
<kw name="Open Browser" library="SeleniumLibrary">
<arg>browser=gc</arg>
<arg>executable_path=${EXECDIR}${/}driver${/}chromedriver.exe</arg>
<doc>Opens a new browser instance to the optional ``url``.</doc>
<msg timestamp="20220224 12:36:40.060" level="INFO">Opening browser 'gc' to base url 'None'.</msg>
<status status="PASS" starttime="20220224 12:36:40.060" endtime="20220224 12:36:41.598"/>
</kw>
<kw name="Maximize Browser Window" library="SeleniumLibrary">
<doc>Maximizes current browser window.</doc>
<status status="PASS" starttime="20220224 12:36:41.598" endtime="20220224 12:36:41.712"/>
</kw>
<kw name="Set Selenium Implicit Wait" library="SeleniumLibrary">
<arg>30s</arg>
<doc>Sets the implicit wait value used by Selenium.</doc>
<status status="PASS" starttime="20220224 12:36:41.713" endtime="20220224 12:36:41.716"/>
</kw>
<kw name="Go To" library="SeleniumLibrary">
<arg>url=https://opensource-demo.orangehrmlive.com/</arg>
<doc>Navigates the current browser window to the provided ``url``.</doc>
<msg timestamp="20220224 12:36:41.717" level="INFO">Opening url 'https://opensource-demo.orangehrmlive.com/'</msg>
<status status="PASS" starttime="20220224 12:36:41.717" endtime="20220224 12:36:47.888"/>
</kw>
<kw name="Input Text" library="SeleniumLibrary">
<arg>id=txtUsername</arg>
<arg>Admin</arg>
<doc>Types the given ``text`` into the text field identified by ``locator``.</doc>
<msg timestamp="20220224 12:36:47.889" level="INFO">Typing text 'Admin' into text field 'id=txtUsername'.</msg>
<status status="PASS" starttime="20220224 12:36:47.888" endtime="20220224 12:36:47.977"/>
</kw>
<kw name="Input Password" library="SeleniumLibrary">
<arg>id=txtPassword</arg>
<arg>admin123</arg>
<doc>Types the given password into the text field identified by ``locator``.</doc>
<msg timestamp="20220224 12:36:47.978" level="INFO">Typing password into text field 'id=txtPassword'.</msg>
<msg timestamp="20220224 12:36:48.017" level="INFO">Temporally setting log level to: NONE</msg>
<msg timestamp="20220224 12:36:48.054" level="INFO">Log level changed from NONE to INFO.</msg>
<status status="PASS" starttime="20220224 12:36:47.977" endtime="20220224 12:36:48.054"/>
</kw>
<kw name="Click Element" library="SeleniumLibrary">
<arg>name=Submit</arg>
<doc>Click the element identified by ``locator``.</doc>
<msg timestamp="20220224 12:36:48.056" level="INFO">Clicking element 'name=Submit'.</msg>
<status status="PASS" starttime="20220224 12:36:48.054" endtime="20220224 12:36:52.982"/>
</kw>
<kw name="Get Location" library="SeleniumLibrary">
<var>${current_url}</var>
<doc>Returns the current browser window URL.</doc>
<msg timestamp="20220224 12:36:52.988" level="INFO">${current_url} = https://opensource-demo.orangehrmlive.com/index.php/dashboard</msg>
<status status="PASS" starttime="20220224 12:36:52.983" endtime="20220224 12:36:52.988"/>
</kw>
<kw name="Log" library="BuiltIn">
<arg>${current_url}</arg>
<doc>Logs the given message with the given level.</doc>
<msg timestamp="20220224 12:36:52.989" level="INFO">https://opensource-demo.orangehrmlive.com/index.php/dashboard</msg>
<status status="PASS" starttime="20220224 12:36:52.988" endtime="20220224 12:36:52.989"/>
</kw>
<kw name="Click Element" library="SeleniumLibrary">
<arg>id=welcome</arg>
<doc>Click the element identified by ``locator``.</doc>
<msg timestamp="20220224 12:36:52.990" level="INFO">Clicking element 'id=welcome'.</msg>
<status status="PASS" starttime="20220224 12:36:52.990" endtime="20220224 12:36:53.035"/>
</kw>
<kw name="Click Element" library="SeleniumLibrary">
<arg>Link=Logout</arg>
<doc>Click the element identified by ``locator``.</doc>
<msg timestamp="20220224 12:36:53.036" level="INFO">Clicking element 'Link=Logout'.</msg>
<status status="PASS" starttime="20220224 12:36:53.035" endtime="20220224 12:36:54.092"/>
</kw>
<status status="PASS" starttime="20220224 12:36:40.059" endtime="20220224 12:36:54.092"/>
</test>
<status status="PASS" starttime="20220224 12:36:39.787" endtime="20220224 12:36:54.094"/>
</suite>
<statistics>
<total>
<stat pass="1" fail="0" skip="0">All Tests</stat>
</total>
<tag>
</tag>
<suite>
<stat pass="1" fail="0" skip="0" id="s1" name="Demo2 Orangehrm Suite">Demo2 Orangehrm Suite</stat>
</suite>
</statistics>
<errors>
</errors>
</robot>
