<?xml version="1.0" encoding="UTF-8"?>
<robot generator="Robot 4.1.3 (Python 3.10.2 on win32)" generated="20220225 17:46:11.099" rpa="false" schemaversion="2">
<suite id="s1" name="Demo11 Google Suite" source="C:\Mine\Company\NCS2\robot_project\selenium_suite\demo11_google_suite.robot">
<test id="s1-t1" name="TC1">
<kw name="Launch Browser" library="common_funcationalities">
<kw name="Open Browser" library="SeleniumLibrary">
<arg>browser=gc</arg>
<arg>executable_path=${EXECDIR}${/}driver${/}chromedriver.exe</arg>
<doc>Opens a new browser instance to the optional ``url``.</doc>
<msg timestamp="20220225 17:46:11.439" level="INFO">Opening browser 'gc' to base url 'None'.</msg>
<status status="PASS" starttime="20220225 17:46:11.439" endtime="20220225 17:46:12.859"/>
</kw>
<kw name="Maximize Browser Window" library="SeleniumLibrary">
<doc>Maximizes current browser window.</doc>
<status status="PASS" starttime="20220225 17:46:12.859" endtime="20220225 17:46:12.989"/>
</kw>
<kw name="Set Selenium Implicit Wait" library="SeleniumLibrary">
<arg>30s</arg>
<doc>Sets the implicit wait value used by Selenium.</doc>
<status status="PASS" starttime="20220225 17:46:12.989" endtime="20220225 17:46:12.991"/>
</kw>
<kw name="Go To" library="SeleniumLibrary">
<arg>url=https://google.com</arg>
<doc>Navigates the current browser window to the provided ``url``.</doc>
<msg timestamp="20220225 17:46:12.992" level="INFO">Opening url 'https://google.com'</msg>
<status status="PASS" starttime="20220225 17:46:12.992" endtime="20220225 17:46:16.736"/>
</kw>
<status status="PASS" starttime="20220225 17:46:11.439" endtime="20220225 17:46:16.736"/>
</kw>
<kw name="Click Element" library="SeleniumLibrary">
<arg>link=Gmail</arg>
<doc>Click the element identified by ``locator``.</doc>
<msg timestamp="20220225 17:46:16.737" level="INFO">Clicking element 'link=Gmail'.</msg>
<status status="PASS" starttime="20220225 17:46:16.737" endtime="20220225 17:46:18.133"/>
</kw>
<status status="PASS" starttime="20220225 17:46:11.438" endtime="20220225 17:46:18.134"/>
</test>
<status status="PASS" starttime="20220225 17:46:11.102" endtime="20220225 17:46:18.135"/>
</suite>
<statistics>
<total>
<stat pass="1" fail="0" skip="0">All Tests</stat>
</total>
<tag>
</tag>
<suite>
<stat pass="1" fail="0" skip="0" id="s1" name="Demo11 Google Suite">Demo11 Google Suite</stat>
</suite>
</statistics>
<errors>
</errors>
</robot>
