<?xml version="1.0" encoding="UTF-8"?>
<robot generator="Robot 4.1.3 (Python 3.10.2 on win32)" generated="20220224 17:35:39.873" rpa="false" schemaversion="2">
<suite id="s1" name="Demo4 Gotomeet Suite" source="C:\Mine\Company\NCS2\robot_project\selenium_suite\demo4_gotomeet_suite.robot">
<test id="s1-t1" name="TC2">
<kw name="Open Browser" library="SeleniumLibrary">
<arg>url=https://www.goto.com/meeting/</arg>
<arg>browser=chrome</arg>
<arg>executable_path=${EXECDIR}${/}driver${/}chromedriver.exe</arg>
<doc>Opens a new browser instance to the optional ``url``.</doc>
<msg timestamp="20220224 17:35:40.194" level="INFO">Opening browser 'chrome' to base url 'https://www.goto.com/meeting/'.</msg>
<status status="PASS" starttime="20220224 17:35:40.193" endtime="20220224 17:35:48.000"/>
</kw>
<kw name="Maximize Browser Window" library="SeleniumLibrary">
<doc>Maximizes current browser window.</doc>
<status status="PASS" starttime="20220224 17:35:48.054" endtime="20220224 17:35:48.240"/>
</kw>
<kw name="Set Selenium Implicit Wait" library="SeleniumLibrary">
<arg>30s</arg>
<doc>Sets the implicit wait value used by Selenium.</doc>
<status status="PASS" starttime="20220224 17:35:48.242" endtime="20220224 17:35:48.250"/>
</kw>
<kw name="Click Element" library="SeleniumLibrary">
<arg>id=truste-consent-button</arg>
<doc>Click the element identified by ``locator``.</doc>
<msg timestamp="20220224 17:35:48.254" level="INFO">Clicking element 'id=truste-consent-button'.</msg>
<status status="PASS" starttime="20220224 17:35:48.251" endtime="20220224 17:35:48.491"/>
</kw>
<kw name="Click Element" library="SeleniumLibrary">
<arg>link=Try Free</arg>
<doc>Click the element identified by ``locator``.</doc>
<msg timestamp="20220224 17:35:48.493" level="INFO">Clicking element 'link=Try Free'.</msg>
<status status="PASS" starttime="20220224 17:35:48.492" endtime="20220224 17:35:50.290"/>
</kw>
<kw name="Input Text" library="SeleniumLibrary">
<arg>id=first-name</arg>
<arg>john</arg>
<doc>Types the given ``text`` into the text field identified by ``locator``.</doc>
<msg timestamp="20220224 17:35:50.293" level="INFO">Typing text 'john' into text field 'id=first-name'.</msg>
<status status="PASS" starttime="20220224 17:35:50.292" endtime="20220224 17:35:50.475"/>
</kw>
<kw name="Input Text" library="SeleniumLibrary">
<arg>id=last-name</arg>
<arg>wick</arg>
<doc>Types the given ``text`` into the text field identified by ``locator``.</doc>
<msg timestamp="20220224 17:35:50.476" level="INFO">Typing text 'wick' into text field 'id=last-name'.</msg>
<status status="PASS" starttime="20220224 17:35:50.475" endtime="20220224 17:35:50.710"/>
</kw>
<kw name="Input Text" library="SeleniumLibrary">
<arg>id=contact-number</arg>
<arg>9090909</arg>
<doc>Types the given ``text`` into the text field identified by ``locator``.</doc>
<msg timestamp="20220224 17:35:50.711" level="INFO">Typing text '9090909' into text field 'id=contact-number'.</msg>
<status status="PASS" starttime="20220224 17:35:50.710" endtime="20220224 17:35:50.834"/>
</kw>
<kw name="Input Text" library="SeleniumLibrary">
<arg>id=login__password</arg>
<arg>ertgyb</arg>
<doc>Types the given ``text`` into the text field identified by ``locator``.</doc>
<msg timestamp="20220224 17:35:50.836" level="INFO">Typing text 'ertgyb' into text field 'id=login__password'.</msg>
<status status="PASS" starttime="20220224 17:35:50.836" endtime="20220224 17:35:50.966"/>
</kw>
<kw name="Select From List By Value" library="SeleniumLibrary">
<arg>id=CompanySize</arg>
<arg>10 - 99</arg>
<doc>Selects options from selection list ``locator`` by ``values``.</doc>
<msg timestamp="20220224 17:35:50.969" level="INFO">Selecting options from selection list 'id=CompanySize' by value 10 - 99.</msg>
<status status="PASS" starttime="20220224 17:35:50.968" endtime="20220224 17:35:51.077"/>
</kw>
<kw name="Click Element" library="SeleniumLibrary">
<arg>xpath=//button[text()='Start My Trial']</arg>
<doc>Click the element identified by ``locator``.</doc>
<msg timestamp="20220224 17:35:51.078" level="INFO">Clicking element 'xpath=//button[text()='Start My Trial']'.</msg>
<status status="PASS" starttime="20220224 17:35:51.077" endtime="20220224 17:35:51.189"/>
</kw>
<kw name="Get Text" library="SeleniumLibrary">
<var>${header}</var>
<arg>tag=h1</arg>
<doc>Returns the text value of the element identified by ``locator``.</doc>
<msg timestamp="20220224 17:35:51.344" level="INFO">${header} = Try GoTo Meeting free for 14 days</msg>
<status status="PASS" starttime="20220224 17:35:51.190" endtime="20220224 17:35:51.344"/>
</kw>
<kw name="Log To Console" library="BuiltIn">
<arg>${header}</arg>
<doc>Logs the given message to the console.</doc>
<status status="PASS" starttime="20220224 17:35:51.345" endtime="20220224 17:35:51.347"/>
</kw>
<kw name="Get Text" library="SeleniumLibrary">
<var>${text}</var>
<arg>xpath=//div[@class='inputField__requirements']</arg>
<doc>Returns the text value of the element identified by ``locator``.</doc>
<msg timestamp="20220224 17:35:51.379" level="INFO">${text} = Password Requirements:
8 - 32 Characters
Contains at least 1 letter
Contains at least 1 number</msg>
<status status="PASS" starttime="20220224 17:35:51.348" endtime="20220224 17:35:51.379"/>
</kw>
<kw name="Log To Console" library="BuiltIn">
<arg>${text}</arg>
<doc>Logs the given message to the console.</doc>
<status status="PASS" starttime="20220224 17:35:51.379" endtime="20220224 17:35:51.380"/>
</kw>
<status status="PASS" starttime="20220224 17:35:40.193" endtime="20220224 17:35:51.382"/>
</test>
<status status="PASS" starttime="20220224 17:35:39.877" endtime="20220224 17:35:51.390"/>
</suite>
<statistics>
<total>
<stat pass="1" fail="0" skip="0">All Tests</stat>
</total>
<tag>
</tag>
<suite>
<stat pass="1" fail="0" skip="0" id="s1" name="Demo4 Gotomeet Suite">Demo4 Gotomeet Suite</stat>
</suite>
</statistics>
<errors>
</errors>
</robot>
