<?xml version="1.0" encoding="UTF-8"?>
<robot generator="Robot 4.1.3 (Python 3.10.2 on win32)" generated="20220223 12:30:33.308" rpa="false" schemaversion="2">
<suite id="s1" name="Demo1 Suite" source="C:\Mine\Company\NCS2\robot_project\robot_suite\demo1_suite.robot">
<test id="s1-t1" name="TC1 Print Name">
<kw name="Log To Console" library="BuiltIn">
<arg>Balaji Dinakaran</arg>
<doc>Logs the given message to the console.</doc>
<status status="PASS" starttime="20220223 12:30:33.338" endtime="20220223 12:30:33.339"/>
</kw>
<kw name="Log To Console" library="BuiltIn">
<arg>Hello Everyone123</arg>
<doc>Logs the given message to the console.</doc>
<status status="PASS" starttime="20220223 12:30:33.339" endtime="20220223 12:30:33.339"/>
</kw>
<status status="PASS" starttime="20220223 12:30:33.338" endtime="20220223 12:30:33.340"/>
</test>
<test id="s1-t2" name="TC2 Log In Report">
<kw name="Log" library="BuiltIn">
<arg>Balaji</arg>
<doc>Logs the given message with the given level.</doc>
<msg timestamp="20220223 12:30:33.342" level="INFO">Balaji</msg>
<status status="PASS" starttime="20220223 12:30:33.341" endtime="20220223 12:30:33.342"/>
</kw>
<status status="PASS" starttime="20220223 12:30:33.341" endtime="20220223 12:30:33.342"/>
</test>
<test id="s1-t3" name="TC3 Print Date">
<kw name="Get Current Date" library="DateTime">
<var>${current_date}</var>
<doc>Returns current local or UTC time with an optional increment.</doc>
<msg timestamp="20220223 12:30:33.344" level="INFO">${current_date} = 2022-02-23 12:30:33.344</msg>
<status status="PASS" starttime="20220223 12:30:33.344" endtime="20220223 12:30:33.344"/>
</kw>
<kw name="Log To Console" library="BuiltIn">
<arg>${current_date}</arg>
<doc>Logs the given message to the console.</doc>
<status status="PASS" starttime="20220223 12:30:33.345" endtime="20220223 12:30:33.346"/>
</kw>
<status status="PASS" starttime="20220223 12:30:33.343" endtime="20220223 12:30:33.346"/>
</test>
<status status="PASS" starttime="20220223 12:30:33.310" endtime="20220223 12:30:33.348"/>
</suite>
<statistics>
<total>
<stat pass="3" fail="0" skip="0">All Tests</stat>
</total>
<tag>
</tag>
<suite>
<stat pass="3" fail="0" skip="0" id="s1" name="Demo1 Suite">Demo1 Suite</stat>
</suite>
</statistics>
<errors>
</errors>
</robot>
